#
# There is insufficient memory for the Java Runtime Environment to continue.
# Native memory allocation (malloc) failed to allocate 2062416 bytes for Chunk::new
# Possible reasons:
#   The system is out of physical RAM or swap space
#   The process is running with CompressedOops enabled, and the Java Heap may be blocking the growth of the native heap
# Possible solutions:
#   Reduce memory load on the system
#   Increase physical memory or swap space
#   Check if swap backing store is full
#   Decrease Java heap size (-Xmx/-Xms)
#   Decrease number of Java threads
#   Decrease Java thread stack sizes (-Xss)
#   Set larger code cache with -XX:ReservedCodeCacheSize=
#   JVM is running with Unscaled Compressed Oops mode in which the Java heap is
#     placed in the first 4GB address space. The Java Heap base address is the
#     maximum limit for the native heap growth. Please use -XX:HeapBaseMinAddress
#     to set the Java Heap base and to place the Java Heap above 4GB virtual address.
# This output file may be truncated or incomplete.
#
#  Out of Memory Error (./src/hotspot/share/memory/arena.cpp:197), pid=15680, tid=11308
#
# JRE version: OpenJDK Runtime Environment (11.0.10) (build 11.0.10+0-b96-7249189)
# Java VM: OpenJDK 64-Bit Server VM (11.0.10+0-b96-7249189, mixed mode, tiered, compressed oops, g1 gc, windows-amd64)
# No core dump will be written. Minidumps are not enabled by default on client versions of Windows
#

---------------  S U M M A R Y ------------

Command Line: --add-opens=java.base/java.util=ALL-UNNAMED --add-opens=java.base/java.lang=ALL-UNNAMED --add-opens=java.base/java.lang.invoke=ALL-UNNAMED --add-opens=java.base/java.util=ALL-UNNAMED --add-opens=java.prefs/java.util.prefs=ALL-UNNAMED --add-opens=java.prefs/java.util.prefs=ALL-UNNAMED --add-opens=java.base/java.nio.charset=ALL-UNNAMED --add-opens=java.base/java.net=ALL-UNNAMED --add-opens=java.base/java.util.concurrent.atomic=ALL-UNNAMED -Xmx2048m -Dfile.encoding=UTF-8 -Duser.country=US -Duser.language=en -Duser.variant org.gradle.launcher.daemon.bootstrap.GradleDaemon 7.0.2

Host: Intel(R) Core(TM) i5-9300H CPU @ 2.40GHz, 8 cores, 7G,  Windows 10 , 64 bit Build 22621 (10.0.22621.1485)
Time: Wed Apr 26 09:54:45 2023 SE Asia Standard Time elapsed time: 9.057701 seconds (0d 0h 0m 9s)

---------------  T H R E A D  ---------------

Current thread (0x000001e2cb5f7000):  JavaThread "C2 CompilerThread1" daemon [_thread_in_native, id=11308, stack(0x0000006c47e00000,0x0000006c47f00000)]


Current CompileTask:
C2:   9057 4229 %     4       groovyjarjarantlr4.v4.runtime.atn.ParserATNSimulator::computeTargetState @ 73 (617 bytes)

Stack: [0x0000006c47e00000,0x0000006c47f00000]
Native frames: (J=compiled Java code, j=interpreted, Vv=VM code, C=native code)
V  [jvm.dll+0x5ecfaa]
V  [jvm.dll+0x722bd5]
V  [jvm.dll+0x72412d]
V  [jvm.dll+0x7247e3]
V  [jvm.dll+0x242928]
V  [jvm.dll+0xbc4fc]
V  [jvm.dll+0xbca0c]
V  [jvm.dll+0x352d3b]
V  [jvm.dll+0x320ad3]
V  [jvm.dll+0x31ffca]
V  [jvm.dll+0x1fb602]
V  [jvm.dll+0x1fa7f4]
V  [jvm.dll+0x18354c]
V  [jvm.dll+0x208ee7]
V  [jvm.dll+0x207731]
V  [jvm.dll+0x6eb1cf]
V  [jvm.dll+0x6e3d45]
V  [jvm.dll+0x5ebe96]
C  [ucrtbase.dll+0x29363]
C  [KERNEL32.DLL+0x1269d]
C  [ntdll.dll+0x5a9f8]


---------------  P R O C E S S  ---------------

Threads class SMR info:
_java_thread_list=0x000001e2ced3b8f0, length=41, elements={
0x000001e2ac58c800, 0x000001e2c8a80800, 0x000001e2c8a8b000, 0x000001e2c9403800,
0x000001e2c9405000, 0x000001e2c9407000, 0x000001e2c9409800, 0x000001e2c9411000,
0x000001e2c8aad800, 0x000001e2c9564000, 0x000001e2cacb5000, 0x000001e2cc5fd800,
0x000001e2cb7da800, 0x000001e2cba65000, 0x000001e2cbb06800, 0x000001e2ccda3000,
0x000001e2ca25e800, 0x000001e2cba57800, 0x000001e2cc627000, 0x000001e2cb6a4000,
0x000001e2cb6a7000, 0x000001e2cb6a4800, 0x000001e2cb6a5800, 0x000001e2cb5f7000,
0x000001e2cb6a8800, 0x000001e2cb6a6800, 0x000001e2cb6a8000, 0x000001e2cb6a3000,
0x000001e2cb6a9800, 0x000001e2ccfcf000, 0x000001e2ccfd0000, 0x000001e2ccfd1000,
0x000001e2ccfd1800, 0x000001e2ccfd3000, 0x000001e2ccfd2800, 0x000001e2ccfcd800,
0x000001e2ccfd4000, 0x000001e2ccfce800, 0x000001e2cd26b800, 0x000001e2cf2aa000,
0x000001e2cf2ae800
}

Java Threads: ( => current thread )
  0x000001e2ac58c800 JavaThread "main" [_thread_blocked, id=4424, stack(0x0000006c45800000,0x0000006c45900000)]
  0x000001e2c8a80800 JavaThread "Reference Handler" daemon [_thread_blocked, id=15972, stack(0x0000006c45f00000,0x0000006c46000000)]
  0x000001e2c8a8b000 JavaThread "Finalizer" daemon [_thread_blocked, id=4012, stack(0x0000006c46000000,0x0000006c46100000)]
  0x000001e2c9403800 JavaThread "Signal Dispatcher" daemon [_thread_blocked, id=7648, stack(0x0000006c46100000,0x0000006c46200000)]
  0x000001e2c9405000 JavaThread "Attach Listener" daemon [_thread_blocked, id=2320, stack(0x0000006c46200000,0x0000006c46300000)]
  0x000001e2c9407000 JavaThread "Service Thread" daemon [_thread_blocked, id=8156, stack(0x0000006c46300000,0x0000006c46400000)]
  0x000001e2c9409800 JavaThread "C2 CompilerThread0" daemon [_thread_blocked, id=6876, stack(0x0000006c46400000,0x0000006c46500000)]
  0x000001e2c9411000 JavaThread "C1 CompilerThread0" daemon [_thread_in_native, id=4868, stack(0x0000006c46500000,0x0000006c46600000)]
  0x000001e2c8aad800 JavaThread "Sweeper thread" daemon [_thread_blocked, id=8332, stack(0x0000006c46600000,0x0000006c46700000)]
  0x000001e2c9564000 JavaThread "Common-Cleaner" daemon [_thread_blocked, id=4860, stack(0x0000006c46700000,0x0000006c46800000)]
  0x000001e2cacb5000 JavaThread "Daemon health stats" [_thread_blocked, id=3024, stack(0x0000006c46d00000,0x0000006c46e00000)]
  0x000001e2cc5fd800 JavaThread "Incoming local TCP Connector on port 49865" [_thread_in_native, id=11040, stack(0x0000006c46900000,0x0000006c46a00000)]
  0x000001e2cb7da800 JavaThread "Daemon periodic checks" [_thread_blocked, id=16020, stack(0x0000006c46a00000,0x0000006c46b00000)]
  0x000001e2cba65000 JavaThread "Daemon" [_thread_blocked, id=1380, stack(0x0000006c46e00000,0x0000006c46f00000)]
  0x000001e2cbb06800 JavaThread "Handler for socket connection from /127.0.0.1:49865 to /127.0.0.1:49866" [_thread_in_native, id=8320, stack(0x0000006c46f00000,0x0000006c47000000)]
  0x000001e2ccda3000 JavaThread "Cancel handler" [_thread_blocked, id=2228, stack(0x0000006c47000000,0x0000006c47100000)]
  0x000001e2ca25e800 JavaThread "Daemon worker" [_thread_in_Java, id=8252, stack(0x0000006c47100000,0x0000006c47200000)]
  0x000001e2cba57800 JavaThread "Asynchronous log dispatcher for DefaultDaemonConnection: socket connection from /127.0.0.1:49865 to /127.0.0.1:49866" [_thread_blocked, id=2484, stack(0x0000006c47200000,0x0000006c47300000)]
  0x000001e2cc627000 JavaThread "Stdin handler" [_thread_blocked, id=15624, stack(0x0000006c47300000,0x0000006c47400000)]
  0x000001e2cb6a4000 JavaThread "Daemon client event forwarder" [_thread_blocked, id=9596, stack(0x0000006c47400000,0x0000006c47500000)]
  0x000001e2cb6a7000 JavaThread "Cache worker for file hash cache (C:\Users\ozuxe\.gradle\caches\7.0.2\fileHashes)" [_thread_blocked, id=2676, stack(0x0000006c47a00000,0x0000006c47b00000)]
  0x000001e2cb6a4800 JavaThread "File lock request listener" [_thread_in_native, id=2744, stack(0x0000006c47b00000,0x0000006c47c00000)]
  0x000001e2cb6a5800 JavaThread "Cache worker for journal cache (C:\Users\ozuxe\.gradle\caches\journal-1)" [_thread_blocked, id=2752, stack(0x0000006c47d00000,0x0000006c47e00000)]
=>0x000001e2cb5f7000 JavaThread "C2 CompilerThread1" daemon [_thread_in_native, id=11308, stack(0x0000006c47e00000,0x0000006c47f00000)]
  0x000001e2cb6a8800 JavaThread "Cache worker for file hash cache (E:\Tugas Kuliah\SEMESTER 6\dFood_Nusantara\.gradle\7.0.2\fileHashes)" [_thread_blocked, id=3216, stack(0x0000006c47f00000,0x0000006c48000000)]
  0x000001e2cb6a6800 JavaThread "File watcher server" daemon [_thread_in_native, id=3240, stack(0x0000006c48000000,0x0000006c48100000)]
  0x000001e2cb6a8000 JavaThread "File watcher consumer" daemon [_thread_blocked, id=3056, stack(0x0000006c48100000,0x0000006c48200000)]
  0x000001e2cb6a3000 JavaThread "jar transforms" [_thread_blocked, id=14684, stack(0x0000006c48200000,0x0000006c48300000)]
  0x000001e2cb6a9800 JavaThread "jar transforms Thread 2" [_thread_blocked, id=7236, stack(0x0000006c48300000,0x0000006c48400000)]
  0x000001e2ccfcf000 JavaThread "jar transforms Thread 3" [_thread_blocked, id=6184, stack(0x0000006c48400000,0x0000006c48500000)]
  0x000001e2ccfd0000 JavaThread "jar transforms Thread 4" [_thread_blocked, id=2736, stack(0x0000006c48500000,0x0000006c48600000)]
  0x000001e2ccfd1000 JavaThread "jar transforms Thread 5" [_thread_blocked, id=7232, stack(0x0000006c48600000,0x0000006c48700000)]
  0x000001e2ccfd1800 JavaThread "jar transforms Thread 6" [_thread_blocked, id=3624, stack(0x0000006c48700000,0x0000006c48800000)]
  0x000001e2ccfd3000 JavaThread "jar transforms Thread 7" [_thread_blocked, id=3152, stack(0x0000006c48800000,0x0000006c48900000)]
  0x000001e2ccfd2800 JavaThread "jar transforms Thread 8" [_thread_blocked, id=3156, stack(0x0000006c48900000,0x0000006c48a00000)]
  0x000001e2ccfcd800 JavaThread "Cache worker for checksums cache (E:\Tugas Kuliah\SEMESTER 6\dFood_Nusantara\.gradle\checksums)" [_thread_blocked, id=6996, stack(0x0000006c48a00000,0x0000006c48b00000)]
  0x000001e2ccfd4000 JavaThread "Cache worker for cache directory md-supplier (C:\Users\ozuxe\.gradle\caches\7.0.2\md-supplier)" [_thread_blocked, id=3364, stack(0x0000006c48b00000,0x0000006c48c00000)]
  0x000001e2ccfce800 JavaThread "Cache worker for cache directory md-rule (C:\Users\ozuxe\.gradle\caches\7.0.2\md-rule)" [_thread_blocked, id=3132, stack(0x0000006c48c00000,0x0000006c48d00000)]
  0x000001e2cd26b800 JavaThread "C2 CompilerThread2" daemon [_thread_in_native, id=3360, stack(0x0000006c48d00000,0x0000006c48e00000)]
  0x000001e2cf2aa000 JavaThread "Cache worker for execution history cache (C:\Users\ozuxe\.gradle\caches\7.0.2\executionHistory)" [_thread_blocked, id=3136, stack(0x0000006c48e00000,0x0000006c48f00000)]
  0x000001e2cf2ae800 JavaThread "Cache worker for file content cache (C:\Users\ozuxe\.gradle\caches\7.0.2\fileContent)" [_thread_blocked, id=6016, stack(0x0000006c48f00000,0x0000006c49000000)]

Other Threads:
  0x000001e2c8a7c800 VMThread "VM Thread" [stack: 0x0000006c45e00000,0x0000006c45f00000] [id=15984]
  0x000001e2c957e000 WatcherThread [stack: 0x0000006c46800000,0x0000006c46900000] [id=10396]
  0x000001e2ae632000 GCTaskThread "GC Thread#0" [stack: 0x0000006c45900000,0x0000006c45a00000] [id=4508]
  0x000001e2ca43d000 GCTaskThread "GC Thread#1" [stack: 0x0000006c46b00000,0x0000006c46c00000] [id=1148]
  0x000001e2c9ce7800 GCTaskThread "GC Thread#2" [stack: 0x0000006c46c00000,0x0000006c46d00000] [id=7268]
  0x000001e2ca986000 GCTaskThread "GC Thread#3" [stack: 0x0000006c47500000,0x0000006c47600000] [id=6740]
  0x000001e2ca027000 GCTaskThread "GC Thread#4" [stack: 0x0000006c47600000,0x0000006c47700000] [id=6752]
  0x000001e2cb1a4800 GCTaskThread "GC Thread#5" [stack: 0x0000006c47700000,0x0000006c47800000] [id=7656]
  0x000001e2cb1bf800 GCTaskThread "GC Thread#6" [stack: 0x0000006c47800000,0x0000006c47900000] [id=2576]
  0x000001e2c9dbc800 GCTaskThread "GC Thread#7" [stack: 0x0000006c47900000,0x0000006c47a00000] [id=2592]
  0x000001e2ae666800 ConcurrentGCThread "G1 Main Marker" [stack: 0x0000006c45a00000,0x0000006c45b00000] [id=15976]
  0x000001e2ae667800 ConcurrentGCThread "G1 Conc#0" [stack: 0x0000006c45b00000,0x0000006c45c00000] [id=15980]
  0x000001e2cb268800 ConcurrentGCThread "G1 Conc#1" [stack: 0x0000006c47c00000,0x0000006c47d00000] [id=2748]
  0x000001e2ae6ee000 ConcurrentGCThread "G1 Refine#0" [stack: 0x0000006c45c00000,0x0000006c45d00000] [id=15988]
  0x000001e2c88d0800 ConcurrentGCThread "G1 Young RemSet Sampling" [stack: 0x0000006c45d00000,0x0000006c45e00000] [id=15968]

Threads with active compile tasks:
C1 CompilerThread0   9097 4873       3       groovyjarjarasm.asm.Label::resolve (219 bytes)
C2 CompilerThread1   9097 4229 %     4       groovyjarjarantlr4.v4.runtime.atn.ParserATNSimulator::computeTargetState @ 73 (617 bytes)
C2 CompilerThread2   9097 4133       4       groovyjarjarantlr4.v4.runtime.atn.PredictionContextCache$PredictionContextAndInt::equals (70 bytes)

VM state:not at safepoint (normal execution)

VM Mutex/Monitor currently owned by a thread: None

Heap address: 0x0000000080000000, size: 2048 MB, Compressed Oops mode: 32-bit
Narrow klass base: 0x0000000000000000, Narrow klass shift: 3
Compressed class space size: 1073741824 Address: 0x0000000100000000

Heap:
 garbage-first heap   total 155648K, used 72614K [0x0000000080000000, 0x0000000100000000)
  region size 1024K, 23 young (23552K), 5 survivors (5120K)
 Metaspace       used 47732K, capacity 49005K, committed 49152K, reserved 1091584K
  class space    used 6157K, capacity 6627K, committed 6656K, reserved 1048576K
Heap Regions: E=young(eden), S=young(survivor), O=old, HS=humongous(starts), HC=humongous(continues), CS=collection set, F=free, A=archive, TAMS=top-at-mark-start (previous, next)
|   0|0x0000000080000000, 0x0000000080100000, 0x0000000080100000|100%| O|  |TAMS 0x0000000080100000, 0x0000000080000000| Untracked 
|   1|0x0000000080100000, 0x0000000080200000, 0x0000000080200000|100%| O|  |TAMS 0x0000000080200000, 0x0000000080100000| Untracked 
|   2|0x0000000080200000, 0x0000000080300000, 0x0000000080300000|100%| O|  |TAMS 0x0000000080300000, 0x0000000080200000| Untracked 
|   3|0x0000000080300000, 0x0000000080400000, 0x0000000080400000|100%|HS|  |TAMS 0x0000000080400000, 0x0000000080300000| Complete 
|   4|0x0000000080400000, 0x0000000080500000, 0x0000000080500000|100%|HC|  |TAMS 0x0000000080500000, 0x0000000080400000| Complete 
|   5|0x0000000080500000, 0x0000000080600000, 0x0000000080600000|100%|HC|  |TAMS 0x0000000080600000, 0x0000000080500000| Complete 
|   6|0x0000000080600000, 0x0000000080700000, 0x0000000080700000|100%| O|  |TAMS 0x0000000080700000, 0x0000000080600000| Untracked 
|   7|0x0000000080700000, 0x0000000080800000, 0x0000000080800000|100%| O|  |TAMS 0x0000000080800000, 0x0000000080700000| Untracked 
|   8|0x0000000080800000, 0x0000000080900000, 0x0000000080900000|100%| O|  |TAMS 0x0000000080900000, 0x0000000080800000| Untracked 
|   9|0x0000000080900000, 0x0000000080a00000, 0x0000000080a00000|100%| O|  |TAMS 0x0000000080a00000, 0x0000000080900000| Untracked 
|  10|0x0000000080a00000, 0x0000000080b00000, 0x0000000080b00000|100%| O|  |TAMS 0x0000000080b00000, 0x0000000080a00000| Untracked 
|  11|0x0000000080b00000, 0x0000000080c00000, 0x0000000080c00000|100%| O|  |TAMS 0x0000000080c00000, 0x0000000080b00000| Untracked 
|  12|0x0000000080c00000, 0x0000000080d00000, 0x0000000080d00000|100%| O|  |TAMS 0x0000000080d00000, 0x0000000080c00000| Untracked 
|  13|0x0000000080d00000, 0x0000000080e00000, 0x0000000080e00000|100%| O|  |TAMS 0x0000000080e00000, 0x0000000080d00000| Untracked 
|  14|0x0000000080e00000, 0x0000000080f00000, 0x0000000080f00000|100%| O|  |TAMS 0x0000000080f00000, 0x0000000080e00000| Untracked 
|  15|0x0000000080f00000, 0x0000000081000000, 0x0000000081000000|100%| O|  |TAMS 0x0000000081000000, 0x0000000080f00000| Untracked 
|  16|0x0000000081000000, 0x0000000081100000, 0x0000000081100000|100%|HS|  |TAMS 0x0000000081100000, 0x0000000081000000| Complete 
|  17|0x0000000081100000, 0x0000000081200000, 0x0000000081200000|100%|HC|  |TAMS 0x0000000081200000, 0x0000000081100000| Complete 
|  18|0x0000000081200000, 0x0000000081300000, 0x0000000081300000|100%|HS|  |TAMS 0x0000000081300000, 0x0000000081200000| Complete 
|  19|0x0000000081300000, 0x0000000081400000, 0x0000000081400000|100%|HC|  |TAMS 0x0000000081400000, 0x0000000081300000| Complete 
|  20|0x0000000081400000, 0x0000000081500000, 0x0000000081500000|100%|HC|  |TAMS 0x0000000081500000, 0x0000000081400000| Complete 
|  21|0x0000000081500000, 0x0000000081600000, 0x0000000081600000|100%|HS|  |TAMS 0x0000000081600000, 0x0000000081500000| Complete 
|  22|0x0000000081600000, 0x0000000081700000, 0x0000000081700000|100%|HC|  |TAMS 0x0000000081700000, 0x0000000081600000| Complete 
|  23|0x0000000081700000, 0x0000000081800000, 0x0000000081800000|100%|HC|  |TAMS 0x0000000081800000, 0x0000000081700000| Complete 
|  24|0x0000000081800000, 0x0000000081900000, 0x0000000081900000|100%|HC|  |TAMS 0x0000000081900000, 0x0000000081800000| Complete 
|  25|0x0000000081900000, 0x0000000081a00000, 0x0000000081a00000|100%|HC|  |TAMS 0x0000000081a00000, 0x0000000081900000| Complete 
|  26|0x0000000081a00000, 0x0000000081b00000, 0x0000000081b00000|100%| O|  |TAMS 0x0000000081b00000, 0x0000000081a00000| Untracked 
|  27|0x0000000081b00000, 0x0000000081c00000, 0x0000000081c00000|100%| O|  |TAMS 0x0000000081c00000, 0x0000000081b00000| Untracked 
|  28|0x0000000081c00000, 0x0000000081d00000, 0x0000000081d00000|100%| O|  |TAMS 0x0000000081d00000, 0x0000000081c00000| Untracked 
|  29|0x0000000081d00000, 0x0000000081e00000, 0x0000000081e00000|100%| O|  |TAMS 0x0000000081e00000, 0x0000000081d00000| Untracked 
|  30|0x0000000081e00000, 0x0000000081f00000, 0x0000000081f00000|100%| O|  |TAMS 0x0000000081f00000, 0x0000000081e00000| Untracked 
|  31|0x0000000081f00000, 0x0000000082000000, 0x0000000082000000|100%| O|  |TAMS 0x0000000082000000, 0x0000000081f00000| Untracked 
|  32|0x0000000082000000, 0x0000000082100000, 0x0000000082100000|100%| O|  |TAMS 0x00000000820c0000, 0x0000000082000000| Untracked 
|  33|0x0000000082100000, 0x0000000082200000, 0x0000000082200000|100%|HS|  |TAMS 0x0000000082100000, 0x0000000082100000| Complete 
|  34|0x0000000082200000, 0x0000000082300000, 0x0000000082300000|100%|HC|  |TAMS 0x0000000082200000, 0x0000000082200000| Complete 
|  35|0x0000000082300000, 0x0000000082400000, 0x0000000082400000|100%|HC|  |TAMS 0x0000000082300000, 0x0000000082300000| Complete 
|  36|0x0000000082400000, 0x0000000082500000, 0x0000000082500000|100%|HC|  |TAMS 0x0000000082400000, 0x0000000082400000| Complete 
|  37|0x0000000082500000, 0x0000000082600000, 0x0000000082600000|100%|HC|  |TAMS 0x0000000082500000, 0x0000000082500000| Complete 
|  38|0x0000000082600000, 0x0000000082700000, 0x0000000082700000|100%| O|  |TAMS 0x0000000082600000, 0x0000000082600000| Untracked 
|  39|0x0000000082700000, 0x0000000082800000, 0x0000000082800000|100%| O|  |TAMS 0x0000000082700000, 0x0000000082700000| Untracked 
|  40|0x0000000082800000, 0x0000000082900000, 0x0000000082900000|100%| O|  |TAMS 0x0000000082800000, 0x0000000082800000| Untracked 
|  41|0x0000000082900000, 0x0000000082a00000, 0x0000000082a00000|100%| O|  |TAMS 0x0000000082900000, 0x0000000082900000| Untracked 
|  42|0x0000000082a00000, 0x0000000082b00000, 0x0000000082b00000|100%| O|  |TAMS 0x0000000082a00000, 0x0000000082a00000| Untracked 
|  43|0x0000000082b00000, 0x0000000082c00000, 0x0000000082c00000|100%|HS|  |TAMS 0x0000000082b00000, 0x0000000082b00000| Complete 
|  44|0x0000000082c00000, 0x0000000082d00000, 0x0000000082d00000|100%|HC|  |TAMS 0x0000000082c00000, 0x0000000082c00000| Complete 
|  45|0x0000000082d00000, 0x0000000082e00000, 0x0000000082e00000|100%|HC|  |TAMS 0x0000000082d00000, 0x0000000082d00000| Complete 
|  46|0x0000000082e00000, 0x0000000082f00000, 0x0000000082f00000|100%| O|  |TAMS 0x0000000082e00000, 0x0000000082e00000| Untracked 
|  47|0x0000000082f00000, 0x0000000083000000, 0x0000000083000000|100%| O|  |TAMS 0x0000000082f00000, 0x0000000082f00000| Untracked 
|  48|0x0000000083000000, 0x0000000083100000, 0x0000000083100000|100%| O|  |TAMS 0x0000000083000000, 0x0000000083000000| Untracked 
|  49|0x0000000083100000, 0x0000000083124a00, 0x0000000083200000| 14%| O|  |TAMS 0x0000000083100000, 0x0000000083100000| Untracked 
|  50|0x0000000083200000, 0x0000000083200000, 0x0000000083300000|  0%| F|  |TAMS 0x0000000083200000, 0x0000000083200000| Untracked 
|  51|0x0000000083300000, 0x0000000083300000, 0x0000000083400000|  0%| F|  |TAMS 0x0000000083300000, 0x0000000083300000| Untracked 
|  52|0x0000000083400000, 0x0000000083400000, 0x0000000083500000|  0%| F|  |TAMS 0x0000000083400000, 0x0000000083400000| Untracked 
|  53|0x0000000083500000, 0x0000000083500000, 0x0000000083600000|  0%| F|  |TAMS 0x0000000083500000, 0x0000000083500000| Untracked 
|  54|0x0000000083600000, 0x0000000083600000, 0x0000000083700000|  0%| F|  |TAMS 0x0000000083600000, 0x0000000083600000| Untracked 
|  55|0x0000000083700000, 0x0000000083700000, 0x0000000083800000|  0%| F|  |TAMS 0x0000000083700000, 0x0000000083700000| Untracked 
|  56|0x0000000083800000, 0x0000000083800000, 0x0000000083900000|  0%| F|  |TAMS 0x0000000083800000, 0x0000000083800000| Untracked 
|  57|0x0000000083900000, 0x0000000083900000, 0x0000000083a00000|  0%| F|  |TAMS 0x0000000083900000, 0x0000000083900000| Untracked 
|  58|0x0000000083a00000, 0x0000000083a00000, 0x0000000083b00000|  0%| F|  |TAMS 0x0000000083a00000, 0x0000000083a00000| Untracked 
|  59|0x0000000083b00000, 0x0000000083b00000, 0x0000000083c00000|  0%| F|  |TAMS 0x0000000083b00000, 0x0000000083b00000| Untracked 
|  60|0x0000000083c00000, 0x0000000083c00000, 0x0000000083d00000|  0%| F|  |TAMS 0x0000000083c00000, 0x0000000083c00000| Untracked 
|  61|0x0000000083d00000, 0x0000000083d00000, 0x0000000083e00000|  0%| F|  |TAMS 0x0000000083d00000, 0x0000000083d00000| Untracked 
|  62|0x0000000083e00000, 0x0000000083e00000, 0x0000000083f00000|  0%| F|  |TAMS 0x0000000083e00000, 0x0000000083e00000| Untracked 
|  63|0x0000000083f00000, 0x0000000083f00000, 0x0000000084000000|  0%| F|  |TAMS 0x0000000083f00000, 0x0000000083f00000| Untracked 
|  64|0x0000000084000000, 0x0000000084000000, 0x0000000084100000|  0%| F|  |TAMS 0x0000000084000000, 0x0000000084000000| Untracked 
|  65|0x0000000084100000, 0x0000000084100000, 0x0000000084200000|  0%| F|  |TAMS 0x0000000084100000, 0x0000000084100000| Untracked 
|  66|0x0000000084200000, 0x00000000842c5148, 0x0000000084300000| 76%| S|CS|TAMS 0x0000000084200000, 0x0000000084200000| Complete 
|  67|0x0000000084300000, 0x0000000084400000, 0x0000000084400000|100%| S|CS|TAMS 0x0000000084300000, 0x0000000084300000| Complete 
|  68|0x0000000084400000, 0x0000000084500000, 0x0000000084500000|100%| S|CS|TAMS 0x0000000084400000, 0x0000000084400000| Complete 
|  69|0x0000000084500000, 0x0000000084600000, 0x0000000084600000|100%| S|CS|TAMS 0x0000000084500000, 0x0000000084500000| Complete 
|  70|0x0000000084600000, 0x0000000084600000, 0x0000000084700000|  0%| F|  |TAMS 0x0000000084600000, 0x0000000084600000| Untracked 
|  71|0x0000000084700000, 0x0000000084800000, 0x0000000084800000|100%| S|CS|TAMS 0x0000000084700000, 0x0000000084700000| Complete 
|  72|0x0000000084800000, 0x0000000084800000, 0x0000000084900000|  0%| F|  |TAMS 0x0000000084800000, 0x0000000084800000| Untracked 
|  73|0x0000000084900000, 0x0000000084900000, 0x0000000084a00000|  0%| F|  |TAMS 0x0000000084900000, 0x0000000084900000| Untracked 
|  74|0x0000000084a00000, 0x0000000084a00000, 0x0000000084b00000|  0%| F|  |TAMS 0x0000000084a00000, 0x0000000084a00000| Untracked 
|  75|0x0000000084b00000, 0x0000000084b00000, 0x0000000084c00000|  0%| F|  |TAMS 0x0000000084b00000, 0x0000000084b00000| Untracked 
|  76|0x0000000084c00000, 0x0000000084c00000, 0x0000000084d00000|  0%| F|  |TAMS 0x0000000084c00000, 0x0000000084c00000| Untracked 
|  77|0x0000000084d00000, 0x0000000084d00000, 0x0000000084e00000|  0%| F|  |TAMS 0x0000000084d00000, 0x0000000084d00000| Untracked 
|  78|0x0000000084e00000, 0x0000000084e00000, 0x0000000084f00000|  0%| F|  |TAMS 0x0000000084e00000, 0x0000000084e00000| Untracked 
|  79|0x0000000084f00000, 0x0000000084f00000, 0x0000000085000000|  0%| F|  |TAMS 0x0000000084f00000, 0x0000000084f00000| Untracked 
|  80|0x0000000085000000, 0x0000000085000000, 0x0000000085100000|  0%| F|  |TAMS 0x0000000085000000, 0x0000000085000000| Untracked 
|  81|0x0000000085100000, 0x0000000085100000, 0x0000000085200000|  0%| F|  |TAMS 0x0000000085100000, 0x0000000085100000| Untracked 
|  82|0x0000000085200000, 0x0000000085200000, 0x0000000085300000|  0%| F|  |TAMS 0x0000000085200000, 0x0000000085200000| Untracked 
|  83|0x0000000085300000, 0x0000000085300000, 0x0000000085400000|  0%| F|  |TAMS 0x0000000085300000, 0x0000000085300000| Untracked 
|  84|0x0000000085400000, 0x0000000085400000, 0x0000000085500000|  0%| F|  |TAMS 0x0000000085400000, 0x0000000085400000| Untracked 
|  85|0x0000000085500000, 0x0000000085500000, 0x0000000085600000|  0%| F|  |TAMS 0x0000000085500000, 0x0000000085500000| Untracked 
|  86|0x0000000085600000, 0x0000000085600000, 0x0000000085700000|  0%| F|  |TAMS 0x0000000085600000, 0x0000000085600000| Untracked 
|  87|0x0000000085700000, 0x0000000085700000, 0x0000000085800000|  0%| F|  |TAMS 0x0000000085700000, 0x0000000085700000| Untracked 
|  88|0x0000000085800000, 0x0000000085800000, 0x0000000085900000|  0%| F|  |TAMS 0x0000000085800000, 0x0000000085800000| Untracked 
|  89|0x0000000085900000, 0x0000000085900000, 0x0000000085a00000|  0%| F|  |TAMS 0x0000000085900000, 0x0000000085900000| Untracked 
|  90|0x0000000085a00000, 0x0000000085a00000, 0x0000000085b00000|  0%| F|  |TAMS 0x0000000085a00000, 0x0000000085a00000| Untracked 
|  91|0x0000000085b00000, 0x0000000085b00000, 0x0000000085c00000|  0%| F|  |TAMS 0x0000000085b00000, 0x0000000085b00000| Untracked 
|  92|0x0000000085c00000, 0x0000000085c00000, 0x0000000085d00000|  0%| F|  |TAMS 0x0000000085c00000, 0x0000000085c00000| Untracked 
|  93|0x0000000085d00000, 0x0000000085d00000, 0x0000000085e00000|  0%| F|  |TAMS 0x0000000085d00000, 0x0000000085d00000| Untracked 
|  94|0x0000000085e00000, 0x0000000085e00000, 0x0000000085f00000|  0%| F|  |TAMS 0x0000000085e00000, 0x0000000085e00000| Untracked 
|  95|0x0000000085f00000, 0x0000000085f00000, 0x0000000086000000|  0%| F|  |TAMS 0x0000000085f00000, 0x0000000085f00000| Untracked 
|  96|0x0000000086000000, 0x0000000086000000, 0x0000000086100000|  0%| F|  |TAMS 0x0000000086000000, 0x0000000086000000| Untracked 
|  97|0x0000000086100000, 0x0000000086100000, 0x0000000086200000|  0%| F|  |TAMS 0x0000000086100000, 0x0000000086100000| Untracked 
|  98|0x0000000086200000, 0x0000000086200000, 0x0000000086300000|  0%| F|  |TAMS 0x0000000086200000, 0x0000000086200000| Untracked 
|  99|0x0000000086300000, 0x0000000086300000, 0x0000000086400000|  0%| F|  |TAMS 0x0000000086300000, 0x0000000086300000| Untracked 
| 100|0x0000000086400000, 0x0000000086400000, 0x0000000086500000|  0%| F|  |TAMS 0x0000000086400000, 0x0000000086400000| Untracked 
| 101|0x0000000086500000, 0x0000000086500000, 0x0000000086600000|  0%| F|  |TAMS 0x0000000086500000, 0x0000000086500000| Untracked 
| 102|0x0000000086600000, 0x0000000086600000, 0x0000000086700000|  0%| F|  |TAMS 0x0000000086600000, 0x0000000086600000| Untracked 
| 103|0x0000000086700000, 0x0000000086700000, 0x0000000086800000|  0%| F|  |TAMS 0x0000000086700000, 0x0000000086700000| Untracked 
| 104|0x0000000086800000, 0x0000000086800000, 0x0000000086900000|  0%| F|  |TAMS 0x0000000086800000, 0x0000000086800000| Untracked 
| 105|0x0000000086900000, 0x0000000086900000, 0x0000000086a00000|  0%| F|  |TAMS 0x0000000086900000, 0x0000000086900000| Untracked 
| 106|0x0000000086a00000, 0x0000000086a00000, 0x0000000086b00000|  0%| F|  |TAMS 0x0000000086a00000, 0x0000000086a00000| Untracked 
| 107|0x0000000086b00000, 0x0000000086b00000, 0x0000000086c00000|  0%| F|  |TAMS 0x0000000086b00000, 0x0000000086b00000| Untracked 
| 108|0x0000000086c00000, 0x0000000086c00000, 0x0000000086d00000|  0%| F|  |TAMS 0x0000000086c00000, 0x0000000086c00000| Untracked 
| 109|0x0000000086d00000, 0x0000000086d00000, 0x0000000086e00000|  0%| F|  |TAMS 0x0000000086d00000, 0x0000000086d00000| Untracked 
| 110|0x0000000086e00000, 0x0000000086e00000, 0x0000000086f00000|  0%| F|  |TAMS 0x0000000086e00000, 0x0000000086e00000| Untracked 
| 111|0x0000000086f00000, 0x0000000086f00000, 0x0000000087000000|  0%| F|  |TAMS 0x0000000086f00000, 0x0000000086f00000| Untracked 
| 112|0x0000000087000000, 0x0000000087000000, 0x0000000087100000|  0%| F|  |TAMS 0x0000000087000000, 0x0000000087000000| Untracked 
| 113|0x0000000087100000, 0x0000000087100000, 0x0000000087200000|  0%| F|  |TAMS 0x0000000087100000, 0x0000000087100000| Untracked 
| 114|0x0000000087200000, 0x0000000087200000, 0x0000000087300000|  0%| F|  |TAMS 0x0000000087200000, 0x0000000087200000| Untracked 
| 115|0x0000000087300000, 0x0000000087300000, 0x0000000087400000|  0%| F|  |TAMS 0x0000000087300000, 0x0000000087300000| Untracked 
| 116|0x0000000087400000, 0x0000000087400000, 0x0000000087500000|  0%| F|  |TAMS 0x0000000087400000, 0x0000000087400000| Untracked 
| 117|0x0000000087500000, 0x0000000087500000, 0x0000000087600000|  0%| F|  |TAMS 0x0000000087500000, 0x0000000087500000| Untracked 
| 118|0x0000000087600000, 0x0000000087600000, 0x0000000087700000|  0%| F|  |TAMS 0x0000000087600000, 0x0000000087600000| Untracked 
| 119|0x0000000087700000, 0x0000000087700000, 0x0000000087800000|  0%| F|  |TAMS 0x0000000087700000, 0x0000000087700000| Untracked 
| 120|0x0000000087800000, 0x0000000087800000, 0x0000000087900000|  0%| F|  |TAMS 0x0000000087800000, 0x0000000087800000| Untracked 
| 121|0x0000000087900000, 0x0000000087900000, 0x0000000087a00000|  0%| F|  |TAMS 0x0000000087900000, 0x0000000087900000| Untracked 
| 122|0x0000000087a00000, 0x0000000087a00000, 0x0000000087b00000|  0%| F|  |TAMS 0x0000000087a00000, 0x0000000087a00000| Untracked 
| 123|0x0000000087b00000, 0x0000000087b00000, 0x0000000087c00000|  0%| F|  |TAMS 0x0000000087b00000, 0x0000000087b00000| Untracked 
| 124|0x0000000087c00000, 0x0000000087c00000, 0x0000000087d00000|  0%| F|  |TAMS 0x0000000087c00000, 0x0000000087c00000| Untracked 
| 125|0x0000000087d00000, 0x0000000087d00000, 0x0000000087e00000|  0%| F|  |TAMS 0x0000000087d00000, 0x0000000087d00000| Untracked 
| 126|0x0000000087e00000, 0x0000000087e00000, 0x0000000087f00000|  0%| F|  |TAMS 0x0000000087e00000, 0x0000000087e00000| Untracked 
| 127|0x0000000087f00000, 0x0000000087f00000, 0x0000000088000000|  0%| F|  |TAMS 0x0000000087f00000, 0x0000000087f00000| Untracked 
| 128|0x0000000088000000, 0x0000000088000000, 0x0000000088100000|  0%| F|  |TAMS 0x0000000088000000, 0x0000000088000000| Untracked 
| 129|0x0000000088100000, 0x0000000088100000, 0x0000000088200000|  0%| F|  |TAMS 0x0000000088100000, 0x0000000088100000| Untracked 
| 130|0x0000000088200000, 0x0000000088200000, 0x0000000088300000|  0%| F|  |TAMS 0x0000000088200000, 0x0000000088200000| Untracked 
| 131|0x0000000088300000, 0x0000000088300000, 0x0000000088400000|  0%| F|  |TAMS 0x0000000088300000, 0x0000000088300000| Untracked 
| 132|0x0000000088400000, 0x0000000088400000, 0x0000000088500000|  0%| F|  |TAMS 0x0000000088400000, 0x0000000088400000| Untracked 
| 133|0x0000000088500000, 0x0000000088500000, 0x0000000088600000|  0%| F|  |TAMS 0x0000000088500000, 0x0000000088500000| Untracked 
| 134|0x0000000088600000, 0x0000000088700000, 0x0000000088700000|100%| E|  |TAMS 0x0000000088600000, 0x0000000088600000| Complete 
| 135|0x0000000088700000, 0x0000000088800000, 0x0000000088800000|100%| E|CS|TAMS 0x0000000088700000, 0x0000000088700000| Complete 
| 136|0x0000000088800000, 0x0000000088900000, 0x0000000088900000|100%| E|CS|TAMS 0x0000000088800000, 0x0000000088800000| Complete 
| 137|0x0000000088900000, 0x0000000088a00000, 0x0000000088a00000|100%| E|CS|TAMS 0x0000000088900000, 0x0000000088900000| Complete 
| 138|0x0000000088a00000, 0x0000000088b00000, 0x0000000088b00000|100%| E|CS|TAMS 0x0000000088a00000, 0x0000000088a00000| Complete 
| 139|0x0000000088b00000, 0x0000000088c00000, 0x0000000088c00000|100%| E|CS|TAMS 0x0000000088b00000, 0x0000000088b00000| Complete 
| 140|0x0000000088c00000, 0x0000000088d00000, 0x0000000088d00000|100%| E|CS|TAMS 0x0000000088c00000, 0x0000000088c00000| Complete 
| 141|0x0000000088d00000, 0x0000000088e00000, 0x0000000088e00000|100%| E|CS|TAMS 0x0000000088d00000, 0x0000000088d00000| Complete 
| 142|0x0000000088e00000, 0x0000000088f00000, 0x0000000088f00000|100%| E|CS|TAMS 0x0000000088e00000, 0x0000000088e00000| Complete 
| 143|0x0000000088f00000, 0x0000000089000000, 0x0000000089000000|100%| E|CS|TAMS 0x0000000088f00000, 0x0000000088f00000| Complete 
| 144|0x0000000089000000, 0x0000000089100000, 0x0000000089100000|100%| E|CS|TAMS 0x0000000089000000, 0x0000000089000000| Complete 
| 145|0x0000000089100000, 0x0000000089200000, 0x0000000089200000|100%| E|CS|TAMS 0x0000000089100000, 0x0000000089100000| Complete 
| 146|0x0000000089200000, 0x0000000089300000, 0x0000000089300000|100%| E|CS|TAMS 0x0000000089200000, 0x0000000089200000| Complete 
| 147|0x0000000089300000, 0x0000000089400000, 0x0000000089400000|100%| E|CS|TAMS 0x0000000089300000, 0x0000000089300000| Complete 
| 148|0x0000000089400000, 0x0000000089500000, 0x0000000089500000|100%| E|CS|TAMS 0x0000000089400000, 0x0000000089400000| Complete 
| 149|0x0000000089500000, 0x0000000089600000, 0x0000000089600000|100%| E|CS|TAMS 0x0000000089500000, 0x0000000089500000| Complete 
| 150|0x0000000089600000, 0x0000000089700000, 0x0000000089700000|100%| E|CS|TAMS 0x0000000089600000, 0x0000000089600000| Complete 
| 151|0x0000000089700000, 0x0000000089800000, 0x0000000089800000|100%| E|CS|TAMS 0x0000000089700000, 0x0000000089700000| Complete 

Card table byte_map: [0x000001e2c1830000,0x000001e2c1c30000] _byte_map_base: 0x000001e2c1430000

Marking Bits (Prev, Next): (CMBitMap*) 0x000001e2ae65d9f8, (CMBitMap*) 0x000001e2ae65da30
 Prev Bits: [0x000001e2c2030000, 0x000001e2c4030000)
 Next Bits: [0x000001e2c4030000, 0x000001e2c6030000)

Polling page: 0x000001e2addf0000

Metaspace:

Usage:
  Non-class:     41.39 MB capacity,    40.61 MB ( 98%) used,   668.23 KB (  2%) free+waste,   125.50 KB ( <1%) overhead. 
      Class:      6.48 MB capacity,     6.02 MB ( 93%) used,   409.82 KB (  6%) free+waste,    60.38 KB ( <1%) overhead. 
       Both:     47.86 MB capacity,    46.63 MB ( 97%) used,     1.05 MB (  2%) free+waste,   185.88 KB ( <1%) overhead. 

Virtual space:
  Non-class space:       42.00 MB reserved,      41.50 MB ( 99%) committed 
      Class space:        1.00 GB reserved,       6.50 MB ( <1%) committed 
             Both:        1.04 GB reserved,      48.00 MB (  5%) committed 

Chunk freelists:
   Non-Class:  50.00 KB
       Class:  1.00 KB
        Both:  51.00 KB

MaxMetaspaceSize: 17179869184.00 GB
CompressedClassSpaceSize: 1.00 GB

CodeHeap 'non-profiled nmethods': size=120000Kb used=2782Kb max_used=2782Kb free=117217Kb
 bounds [0x000001e2b9bd0000, 0x000001e2b9e90000, 0x000001e2c1100000]
CodeHeap 'profiled nmethods': size=120000Kb used=10025Kb max_used=10025Kb free=109974Kb
 bounds [0x000001e2b26a0000, 0x000001e2b3070000, 0x000001e2b9bd0000]
CodeHeap 'non-nmethods': size=5760Kb used=2221Kb max_used=2280Kb free=3538Kb
 bounds [0x000001e2b2100000, 0x000001e2b2370000, 0x000001e2b26a0000]
 total_blobs=5616 nmethods=4822 adapters=703
 compilation: enabled
              stopped_count=0, restarted_count=0
 full_count=0

Compilation events (20 events):
Event: 9.042 Thread 0x000001e2c9411000 4812       3       org.codehaus.groovy.vmplugin.v8.Java8::makeClassNodes (45 bytes)
Event: 9.042 Thread 0x000001e2c9411000 nmethod 4812 0x000001e2b3047010 code [0x000001e2b3047200, 0x000001e2b30476a8]
Event: 9.042 Thread 0x000001e2c9411000 4809       3       java.lang.reflect.Method::getDefaultValue (109 bytes)
Event: 9.044 Thread 0x000001e2c9411000 nmethod 4809 0x000001e2b3047890 code [0x000001e2b3047c20, 0x000001e2b30490d8]
Event: 9.044 Thread 0x000001e2c9411000 4810       3       org.codehaus.groovy.ast.MethodNode::setGenericsTypes (10 bytes)
Event: 9.044 Thread 0x000001e2c9411000 nmethod 4810 0x000001e2b3049890 code [0x000001e2b3049a40, 0x000001e2b3049c38]
Event: 9.044 Thread 0x000001e2c9411000 4811       3       org.codehaus.groovy.ast.MethodNode::setAnnotationDefault (24 bytes)
Event: 9.044 Thread 0x000001e2c9411000 nmethod 4811 0x000001e2b3049d10 code [0x000001e2b3049ee0, 0x000001e2b304a1b8]
Event: 9.045 Thread 0x000001e2c9411000 4814   !   3       java.lang.reflect.Executable::privateGetParameters (62 bytes)
Event: 9.045 Thread 0x000001e2c9411000 nmethod 4814 0x000001e2b304a290 code [0x000001e2b304a480, 0x000001e2b304a7f8]
Event: 9.046 Thread 0x000001e2c9411000 4815       3       org.codehaus.groovy.ast.ClassNode$MapOfLists$$Lambda$483/0x000000010062fc40::get (4 bytes)
Event: 9.047 Thread 0x000001e2c9411000 nmethod 4815 0x000001e2b304a910 code [0x000001e2b304aac0, 0x000001e2b304ac18]
Event: 9.051 Thread 0x000001e2c9411000 4816       3       org.codehaus.groovy.ast.ClassNode::equals (47 bytes)
Event: 9.052 Thread 0x000001e2c9411000 nmethod 4816 0x000001e2b304ad10 code [0x000001e2b304af20, 0x000001e2b304b558]
Event: 9.052 Thread 0x000001e2c9411000 4817       3       org.codehaus.groovy.ast.ClassNode::getName (8 bytes)
Event: 9.052 Thread 0x000001e2c9411000 nmethod 4817 0x000001e2b304b690 code [0x000001e2b304b860, 0x000001e2b304bc88]
Event: 9.054 Thread 0x000001e2c9411000 4818       3       java.io.FilterInputStream::read (11 bytes)
Event: 9.054 Thread 0x000001e2c9411000 nmethod 4818 0x000001e2b304be10 code [0x000001e2b304bfc0, 0x000001e2b304c188]
Event: 9.054 Thread 0x000001e2c9411000 4819       3       java.lang.Boolean::equals (29 bytes)
Event: 9.054 Thread 0x000001e2c9411000 nmethod 4819 0x000001e2b304c290 code [0x000001e2b304c460, 0x000001e2b304c818]

GC Heap History (20 events):
Event: 1.078 GC heap before
{Heap before GC invocations=0 (full 0):
 garbage-first heap   total 129024K, used 29696K [0x0000000080000000, 0x0000000100000000)
  region size 1024K, 24 young (24576K), 0 survivors (0K)
 Metaspace       used 9789K, capacity 9990K, committed 10112K, reserved 1058816K
  class space    used 1022K, capacity 1102K, committed 1152K, reserved 1048576K
}
Event: 1.085 GC heap after
{Heap after GC invocations=1 (full 0):
 garbage-first heap   total 129024K, used 8914K [0x0000000080000000, 0x0000000100000000)
  region size 1024K, 3 young (3072K), 3 survivors (3072K)
 Metaspace       used 9789K, capacity 9990K, committed 10112K, reserved 1058816K
  class space    used 1022K, capacity 1102K, committed 1152K, reserved 1048576K
}
Event: 3.434 GC heap before
{Heap before GC invocations=1 (full 0):
 garbage-first heap   total 129024K, used 83666K [0x0000000080000000, 0x0000000100000000)
  region size 1024K, 75 young (76800K), 3 survivors (3072K)
 Metaspace       used 17759K, capacity 18217K, committed 18432K, reserved 1064960K
  class space    used 2100K, capacity 2247K, committed 2304K, reserved 1048576K
}
Event: 3.512 GC heap after
{Heap after GC invocations=2 (full 0):
 garbage-first heap   total 129024K, used 15935K [0x0000000080000000, 0x0000000100000000)
  region size 1024K, 10 young (10240K), 10 survivors (10240K)
 Metaspace       used 17759K, capacity 18217K, committed 18432K, reserved 1064960K
  class space    used 2100K, capacity 2247K, committed 2304K, reserved 1048576K
}
Event: 4.018 GC heap before
{Heap before GC invocations=2 (full 0):
 garbage-first heap   total 129024K, used 38463K [0x0000000080000000, 0x0000000100000000)
  region size 1024K, 33 young (33792K), 10 survivors (10240K)
 Metaspace       used 20587K, capacity 21089K, committed 21248K, reserved 1067008K
  class space    used 2514K, capacity 2699K, committed 2816K, reserved 1048576K
}
Event: 4.026 GC heap after
{Heap after GC invocations=3 (full 0):
 garbage-first heap   total 129024K, used 16820K [0x0000000080000000, 0x0000000100000000)
  region size 1024K, 1 young (1024K), 1 survivors (1024K)
 Metaspace       used 20587K, capacity 21089K, committed 21248K, reserved 1067008K
  class space    used 2514K, capacity 2699K, committed 2816K, reserved 1048576K
}
Event: 4.797 GC heap before
{Heap before GC invocations=4 (full 0):
 garbage-first heap   total 129024K, used 66996K [0x0000000080000000, 0x0000000100000000)
  region size 1024K, 51 young (52224K), 1 survivors (1024K)
 Metaspace       used 25912K, capacity 26507K, committed 26752K, reserved 1073152K
  class space    used 3399K, capacity 3638K, committed 3712K, reserved 1048576K
}
Event: 4.802 GC heap after
{Heap after GC invocations=5 (full 0):
 garbage-first heap   total 129024K, used 18476K [0x0000000080000000, 0x0000000100000000)
  region size 1024K, 3 young (3072K), 3 survivors (3072K)
 Metaspace       used 25912K, capacity 26507K, committed 26752K, reserved 1073152K
  class space    used 3399K, capacity 3638K, committed 3712K, reserved 1048576K
}
Event: 5.500 GC heap before
{Heap before GC invocations=5 (full 0):
 garbage-first heap   total 129024K, used 85036K [0x0000000080000000, 0x0000000100000000)
  region size 1024K, 58 young (59392K), 3 survivors (3072K)
 Metaspace       used 31360K, capacity 32223K, committed 32512K, reserved 1077248K
  class space    used 4239K, capacity 4561K, committed 4608K, reserved 1048576K
}
Event: 5.505 GC heap after
{Heap after GC invocations=6 (full 0):
 garbage-first heap   total 129024K, used 33369K [0x0000000080000000, 0x0000000100000000)
  region size 1024K, 8 young (8192K), 8 survivors (8192K)
 Metaspace       used 31360K, capacity 32223K, committed 32512K, reserved 1077248K
  class space    used 4239K, capacity 4561K, committed 4608K, reserved 1048576K
}
Event: 5.731 GC heap before
{Heap before GC invocations=6 (full 0):
 garbage-first heap   total 129024K, used 41561K [0x0000000080000000, 0x0000000100000000)
  region size 1024K, 17 young (17408K), 8 survivors (8192K)
 Metaspace       used 34781K, capacity 35713K, committed 35840K, reserved 1081344K
  class space    used 4550K, capacity 4894K, committed 4992K, reserved 1048576K
}
Event: 5.741 GC heap after
{Heap after GC invocations=7 (full 0):
 garbage-first heap   total 129024K, used 35518K [0x0000000080000000, 0x0000000100000000)
  region size 1024K, 2 young (2048K), 2 survivors (2048K)
 Metaspace       used 34781K, capacity 35713K, committed 35840K, reserved 1081344K
  class space    used 4550K, capacity 4894K, committed 4992K, reserved 1048576K
}
Event: 6.454 GC heap before
{Heap before GC invocations=8 (full 0):
 garbage-first heap   total 129024K, used 92862K [0x0000000080000000, 0x0000000100000000)
  region size 1024K, 55 young (56320K), 2 survivors (2048K)
 Metaspace       used 39933K, capacity 41028K, committed 41216K, reserved 1085440K
  class space    used 5132K, capacity 5534K, committed 5632K, reserved 1048576K
}
Event: 6.458 GC heap after
{Heap after GC invocations=9 (full 0):
 garbage-first heap   total 129024K, used 39231K [0x0000000080000000, 0x0000000100000000)
  region size 1024K, 6 young (6144K), 6 survivors (6144K)
 Metaspace       used 39933K, capacity 41028K, committed 41216K, reserved 1085440K
  class space    used 5132K, capacity 5534K, committed 5632K, reserved 1048576K
}
Event: 7.414 GC heap before
{Heap before GC invocations=9 (full 0):
 garbage-first heap   total 129024K, used 97599K [0x0000000080000000, 0x0000000100000000)
  region size 1024K, 58 young (59392K), 6 survivors (6144K)
 Metaspace       used 44488K, capacity 45598K, committed 45696K, reserved 1089536K
  class space    used 5827K, capacity 6251K, committed 6272K, reserved 1048576K
}
Event: 7.422 GC heap after
{Heap after GC invocations=10 (full 0):
 garbage-first heap   total 129024K, used 47446K [0x0000000080000000, 0x0000000100000000)
  region size 1024K, 8 young (8192K), 8 survivors (8192K)
 Metaspace       used 44488K, capacity 45598K, committed 45696K, reserved 1089536K
  class space    used 5827K, capacity 6251K, committed 6272K, reserved 1048576K
}
Event: 7.712 GC heap before
{Heap before GC invocations=10 (full 0):
 garbage-first heap   total 129024K, used 96598K [0x0000000080000000, 0x0000000100000000)
  region size 1024K, 56 young (57344K), 8 survivors (8192K)
 Metaspace       used 44557K, capacity 45726K, committed 45952K, reserved 1089536K
  class space    used 5827K, capacity 6251K, committed 6272K, reserved 1048576K
}
Event: 7.721 GC heap after
{Heap after GC invocations=11 (full 0):
 garbage-first heap   total 129024K, used 48967K [0x0000000080000000, 0x0000000100000000)
  region size 1024K, 5 young (5120K), 5 survivors (5120K)
 Metaspace       used 44557K, capacity 45726K, committed 45952K, reserved 1089536K
  class space    used 5827K, capacity 6251K, committed 6272K, reserved 1048576K
}
Event: 8.814 GC heap before
{Heap before GC invocations=11 (full 0):
 garbage-first heap   total 129024K, used 103239K [0x0000000080000000, 0x0000000100000000)
  region size 1024K, 55 young (56320K), 5 survivors (5120K)
 Metaspace       used 47263K, capacity 48475K, committed 48640K, reserved 1091584K
  class space    used 6120K, capacity 6584K, committed 6656K, reserved 1048576K
}
Event: 8.822 GC heap after
{Heap after GC invocations=12 (full 0):
 garbage-first heap   total 155648K, used 55206K [0x0000000080000000, 0x0000000100000000)
  region size 1024K, 5 young (5120K), 5 survivors (5120K)
 Metaspace       used 47263K, capacity 48475K, committed 48640K, reserved 1091584K
  class space    used 6120K, capacity 6584K, committed 6656K, reserved 1048576K
}

Deoptimization events (20 events):
Event: 8.757 Thread 0x000001e2ca25e800 DEOPT PACKING pc=0x000001e2b2dff0a8 sp=0x0000006c471f8340
Event: 8.757 Thread 0x000001e2ca25e800 DEOPT UNPACKING pc=0x000001e2b21276ce sp=0x0000006c471f77e0 mode 0
Event: 8.763 Thread 0x000001e2ca25e800 DEOPT PACKING pc=0x000001e2b2dff0a8 sp=0x0000006c471f8340
Event: 8.763 Thread 0x000001e2ca25e800 DEOPT UNPACKING pc=0x000001e2b21276ce sp=0x0000006c471f77e0 mode 0
Event: 8.770 Thread 0x000001e2ca25e800 DEOPT PACKING pc=0x000001e2b2dff0a8 sp=0x0000006c471f8340
Event: 8.770 Thread 0x000001e2ca25e800 DEOPT UNPACKING pc=0x000001e2b21276ce sp=0x0000006c471f77e0 mode 0
Event: 8.775 Thread 0x000001e2ca25e800 DEOPT PACKING pc=0x000001e2b2dff0a8 sp=0x0000006c471f7e50
Event: 8.775 Thread 0x000001e2ca25e800 DEOPT UNPACKING pc=0x000001e2b21276ce sp=0x0000006c471f72f0 mode 0
Event: 8.781 Thread 0x000001e2ca25e800 DEOPT PACKING pc=0x000001e2b2dff0a8 sp=0x0000006c471f7e50
Event: 8.781 Thread 0x000001e2ca25e800 DEOPT UNPACKING pc=0x000001e2b21276ce sp=0x0000006c471f72f0 mode 0
Event: 8.788 Thread 0x000001e2ca25e800 DEOPT PACKING pc=0x000001e2b2dff0a8 sp=0x0000006c471f7860
Event: 8.788 Thread 0x000001e2ca25e800 DEOPT UNPACKING pc=0x000001e2b21276ce sp=0x0000006c471f6d00 mode 0
Event: 8.797 Thread 0x000001e2ca25e800 DEOPT PACKING pc=0x000001e2b2dff0a8 sp=0x0000006c471f7260
Event: 8.797 Thread 0x000001e2ca25e800 DEOPT UNPACKING pc=0x000001e2b21276ce sp=0x0000006c471f6700 mode 0
Event: 8.858 Thread 0x000001e2ca25e800 DEOPT PACKING pc=0x000001e2b2ec4be2 sp=0x0000006c471f8a20
Event: 8.858 Thread 0x000001e2ca25e800 DEOPT UNPACKING pc=0x000001e2b21276ce sp=0x0000006c471f7f38 mode 0
Event: 8.950 Thread 0x000001e2ca25e800 Uncommon trap: trap_request=0xffffff7e fr.pc=0x000001e2b9e60e78 relative=0x00000000000007b8
Event: 8.950 Thread 0x000001e2ca25e800 Uncommon trap: reason=predicate action=maybe_recompile pc=0x000001e2b9e60e78 method=java.util.TimSort.binarySort([Ljava/lang/Object;IIILjava/util/Comparator;)V @ 34 c2
Event: 8.950 Thread 0x000001e2ca25e800 DEOPT PACKING pc=0x000001e2b9e60e78 sp=0x0000006c471f8ca0
Event: 8.950 Thread 0x000001e2ca25e800 DEOPT UNPACKING pc=0x000001e2b21278af sp=0x0000006c471f8c60 mode 2

Classes redefined (0 events):
No events

Internal exceptions (20 events):
Event: 6.591 Thread 0x000001e2ca25e800 Exception <a 'java/lang/NoSuchMethodError'{0x0000000087241018}: 'java.lang.Object java.lang.invoke.Invokers$Holder.linkToTargetMethod(java.lang.Object, int, java.lang.Object)'> (0x0000000087241018) thrown at [./src/hotspot/share/interpreter/linkResolver.cpp, line 773]
Event: 6.625 Thread 0x000001e2ca25e800 Exception <a 'java/lang/NoSuchMethodError'{0x0000000086e51168}: 'int java.lang.invoke.DirectMethodHandle$Holder.invokeStaticInit(java.lang.Object)'> (0x0000000086e51168) thrown at [./src/hotspot/share/interpreter/linkResolver.cpp, line 773]
Event: 6.682 Thread 0x000001e2ca25e800 Exception <a 'java/lang/ClassNotFoundException'{0x0000000086cf64e8}: sync_studio_tooling2_ekdabm0lb5cpularijl10eozyBeanInfo> (0x0000000086cf64e8) thrown at [./src/hotspot/share/classfile/systemDictionary.cpp, line 231]
Event: 6.682 Thread 0x000001e2ca25e800 Exception <a 'java/lang/ClassNotFoundException'{0x0000000086b02ac0}: sync_studio_tooling2_ekdabm0lb5cpularijl10eozyCustomizer> (0x0000000086b02ac0) thrown at [./src/hotspot/share/classfile/systemDictionary.cpp, line 231]
Event: 6.726 Thread 0x000001e2ca25e800 Exception <a 'java/lang/ClassNotFoundException'{0x0000000086a78590}: org/gradle/invocation/DefaultGradle_DecoratedBeanInfo> (0x0000000086a78590) thrown at [./src/hotspot/share/classfile/systemDictionary.cpp, line 231]
Event: 6.729 Thread 0x000001e2ca25e800 Exception <a 'java/lang/ClassNotFoundException'{0x0000000086917458}: org/gradle/invocation/DefaultGradleBeanInfo> (0x0000000086917458) thrown at [./src/hotspot/share/classfile/systemDictionary.cpp, line 231]
Event: 6.730 Thread 0x000001e2ca25e800 Exception <a 'java/lang/ClassNotFoundException'{0x000000008693e8e0}: org/gradle/api/internal/project/AbstractPluginAwareBeanInfo> (0x000000008693e8e0) thrown at [./src/hotspot/share/classfile/systemDictionary.cpp, line 231]
Event: 6.731 Thread 0x000001e2ca25e800 Exception <a 'java/lang/ClassNotFoundException'{0x0000000086965e80}: org/gradle/api/internal/project/AbstractPluginAwareCustomizer> (0x0000000086965e80) thrown at [./src/hotspot/share/classfile/systemDictionary.cpp, line 231]
Event: 6.733 Thread 0x000001e2ca25e800 Exception <a 'java/lang/ClassNotFoundException'{0x000000008698f5e0}: org/gradle/invocation/DefaultGradleCustomizer> (0x000000008698f5e0) thrown at [./src/hotspot/share/classfile/systemDictionary.cpp, line 231]
Event: 6.747 Thread 0x000001e2ca25e800 Exception <a 'java/lang/ClassNotFoundException'{0x00000000869e2168}: org/gradle/invocation/DefaultGradle_DecoratedCustomizer> (0x00000000869e2168) thrown at [./src/hotspot/share/classfile/systemDictionary.cpp, line 231]
Event: 6.852 Thread 0x000001e2ca25e800 Exception <a 'java/lang/NoSuchMethodError'{0x00000000867d9708}: 'void java.lang.invoke.DirectMethodHandle$Holder.invokeVirtual(java.lang.Object, java.lang.Object)'> (0x00000000867d9708) thrown at [./src/hotspot/share/interpreter/linkResolver.cpp, line 773]
Event: 7.879 Thread 0x000001e2ca25e800 Implicit null exception at 0x000001e2b9d1f16f to 0x000001e2b9d1f218
Event: 7.940 Thread 0x000001e2ca25e800 Exception <a 'java/lang/NoSuchMethodError'{0x000000008707b3d0}: 'void java.lang.invoke.DirectMethodHandle$Holder.invokeSpecialIFC(java.lang.Object, java.lang.Object, java.lang.Object)'> (0x000000008707b3d0) thrown at [./src/hotspot/share/interpreter/linkResolver.cpp, line 773]
Event: 8.096 Thread 0x000001e2ca25e800 Exception <a 'java/lang/NoSuchMethodError'{0x0000000086a2d4d0}: 'int java.lang.invoke.DirectMethodHandle$Holder.invokeStatic(java.lang.Object, int, java.lang.Object, java.lang.Object)'> (0x0000000086a2d4d0) thrown at [./src/hotspot/share/interpreter/linkResolver.cpp, line 773]
Event: 8.346 Thread 0x000001e2cb6a3000 Exception <a 'sun/nio/fs/WindowsException'{0x0000000086418510}> (0x0000000086418510) thrown at [./src/hotspot/share/prims/jni.cpp, line 615]
Event: 8.475 Thread 0x000001e2cb6a3000 Exception <a 'sun/nio/fs/WindowsException'{0x00000000863a2630}> (0x00000000863a2630) thrown at [./src/hotspot/share/prims/jni.cpp, line 615]
Event: 8.476 Thread 0x000001e2cb6a3000 Exception <a 'sun/nio/fs/WindowsException'{0x00000000863a2840}> (0x00000000863a2840) thrown at [./src/hotspot/share/prims/jni.cpp, line 615]
Event: 8.496 Thread 0x000001e2ca25e800 Exception <a 'java/lang/ClassNotFoundException'{0x00000000863fcaa0}: ijinit2_zqaeoftgc01hf7molydanc3BeanInfo> (0x00000000863fcaa0) thrown at [./src/hotspot/share/classfile/systemDictionary.cpp, line 231]
Event: 8.497 Thread 0x000001e2ca25e800 Exception <a 'java/lang/ClassNotFoundException'{0x0000000086207eb0}: ijinit2_zqaeoftgc01hf7molydanc3Customizer> (0x0000000086207eb0) thrown at [./src/hotspot/share/classfile/systemDictionary.cpp, line 231]
Event: 8.670 Thread 0x000001e2ca25e800 Implicit null exception at 0x000001e2b9c4ae44 to 0x000001e2b9c4bce8

Events (20 events):
Event: 9.030 Executing VM operation: Deoptimize
Event: 9.031 Executing VM operation: Deoptimize done
Event: 9.031 loading class org/codehaus/groovy/ast/tools/WideningCategories$1
Event: 9.031 loading class org/codehaus/groovy/ast/tools/WideningCategories$1 done
Event: 9.032 loading class org/codehaus/groovy/ast/ClassNode
Event: 9.032 loading class org/codehaus/groovy/ast/ClassNode done
Event: 9.032 loading class org/codehaus/groovy/ast/ClassNode
Event: 9.032 loading class org/codehaus/groovy/ast/ClassNode done
Event: 9.033 loading class jdk/internal/vm/annotation/Stable
Event: 9.033 loading class jdk/internal/vm/annotation/Stable done
Event: 9.046 loading class org/codehaus/groovy/ast/ClassNode
Event: 9.046 loading class org/codehaus/groovy/ast/ClassNode done
Event: 9.046 loading class org/codehaus/groovy/ast/ClassNode
Event: 9.046 loading class org/codehaus/groovy/ast/ClassNode done
Event: 9.046 loading class org/codehaus/groovy/transform/stc/UnionTypeClassNode
Event: 9.046 loading class org/codehaus/groovy/transform/stc/UnionTypeClassNode done
Event: 9.048 Executing VM operation: Deoptimize
Event: 9.049 Executing VM operation: Deoptimize done
Event: 9.052 loading class org/codehaus/groovy/transform/stc/StaticTypeCheckingSupport$1
Event: 9.052 loading class org/codehaus/groovy/transform/stc/StaticTypeCheckingSupport$1 done


Dynamic libraries:
0x00007ff640c60000 - 0x00007ff640c6a000 	C:\Program Files\Android\Android Studio\jre\bin\java.exe
0x00007ffff1510000 - 0x00007ffff1724000 	C:\WINDOWS\SYSTEM32\ntdll.dll
0x00007fffef8f0000 - 0x00007fffef9b2000 	C:\WINDOWS\System32\KERNEL32.DLL
0x00007fffeef10000 - 0x00007fffef2ac000 	C:\WINDOWS\System32\KERNELBASE.dll
0x00007fffeebe0000 - 0x00007fffeecf1000 	C:\WINDOWS\System32\ucrtbase.dll
0x00007fffe87b0000 - 0x00007fffe87c9000 	C:\Program Files\Android\Android Studio\jre\bin\jli.dll
0x00007fffc5bf0000 - 0x00007fffc5c07000 	C:\Program Files\Android\Android Studio\jre\bin\VCRUNTIME140.dll
0x00007fffefc50000 - 0x00007fffefdfb000 	C:\WINDOWS\System32\USER32.dll
0x00007fffd3440000 - 0x00007fffd36ce000 	C:\WINDOWS\WinSxS\amd64_microsoft.windows.common-controls_6595b64144ccf1df_6.0.22621.608_none_a9444ca7c10bb01d\COMCTL32.dll
0x00007fffeebb0000 - 0x00007fffeebd6000 	C:\WINDOWS\System32\win32u.dll
0x00007ffff0020000 - 0x00007ffff00c7000 	C:\WINDOWS\System32\msvcrt.dll
0x00007fffefae0000 - 0x00007fffefb09000 	C:\WINDOWS\System32\GDI32.dll
0x00007fffee950000 - 0x00007fffeea63000 	C:\WINDOWS\System32\gdi32full.dll
0x00007fffeed00000 - 0x00007fffeed9a000 	C:\WINDOWS\System32\msvcp_win.dll
0x00007fffefe00000 - 0x00007fffefe31000 	C:\WINDOWS\System32\IMM32.DLL
0x00007fff8ebe0000 - 0x00007fff8ec7d000 	C:\Program Files\Android\Android Studio\jre\bin\msvcp140.dll
0x00007fff71910000 - 0x00007fff723df000 	C:\Program Files\Android\Android Studio\jre\bin\server\jvm.dll
0x00007ffff00d0000 - 0x00007ffff017e000 	C:\WINDOWS\System32\ADVAPI32.dll
0x00007fffefe40000 - 0x00007fffefee4000 	C:\WINDOWS\System32\sechost.dll
0x00007fffef9c0000 - 0x00007fffefad7000 	C:\WINDOWS\System32\RPCRT4.dll
0x00007ffff03a0000 - 0x00007ffff03a8000 	C:\WINDOWS\System32\PSAPI.DLL
0x00007fffdb8d0000 - 0x00007fffdb8d9000 	C:\WINDOWS\SYSTEM32\WSOCK32.dll
0x00007fffe8580000 - 0x00007fffe85b4000 	C:\WINDOWS\SYSTEM32\WINMM.dll
0x00007fffe8020000 - 0x00007fffe802a000 	C:\WINDOWS\SYSTEM32\VERSION.dll
0x00007ffff01e0000 - 0x00007ffff0251000 	C:\WINDOWS\System32\WS2_32.dll
0x00007fffeda90000 - 0x00007fffedaa8000 	C:\WINDOWS\SYSTEM32\kernel.appcore.dll
0x00007fffe8630000 - 0x00007fffe8641000 	C:\Program Files\Android\Android Studio\jre\bin\verify.dll
0x00007fffd8740000 - 0x00007fffd896e000 	C:\WINDOWS\SYSTEM32\DBGHELP.DLL
0x00007fffef3f0000 - 0x00007fffef779000 	C:\WINDOWS\System32\combase.dll
0x00007ffff03b0000 - 0x00007ffff0487000 	C:\WINDOWS\System32\OLEAUT32.dll
0x00007fffd4ca0000 - 0x00007fffd4cd2000 	C:\WINDOWS\SYSTEM32\dbgcore.DLL
0x00007fffeeb30000 - 0x00007fffeebab000 	C:\WINDOWS\System32\bcryptPrimitives.dll
0x00007fffe8600000 - 0x00007fffe8629000 	C:\Program Files\Android\Android Studio\jre\bin\java.dll
0x00007fffe85f0000 - 0x00007fffe85fb000 	C:\Program Files\Android\Android Studio\jre\bin\jimage.dll
0x00007fffe85d0000 - 0x00007fffe85e8000 	C:\Program Files\Android\Android Studio\jre\bin\zip.dll
0x00007ffff0490000 - 0x00007ffff0c80000 	C:\WINDOWS\System32\SHELL32.dll
0x00007fffec970000 - 0x00007fffed23d000 	C:\WINDOWS\SYSTEM32\windows.storage.dll
0x00007fffec830000 - 0x00007fffec96e000 	C:\WINDOWS\SYSTEM32\wintypes.dll
0x00007fffef780000 - 0x00007fffef871000 	C:\WINDOWS\System32\SHCORE.dll
0x00007ffff0180000 - 0x00007ffff01de000 	C:\WINDOWS\System32\shlwapi.dll
0x00007fffee880000 - 0x00007fffee8a1000 	C:\WINDOWS\SYSTEM32\profapi.dll
0x00007fffd98b0000 - 0x00007fffd98ca000 	C:\Program Files\Android\Android Studio\jre\bin\net.dll
0x00007fffe80b0000 - 0x00007fffe81e7000 	C:\WINDOWS\SYSTEM32\WINHTTP.dll
0x00007fffedf00000 - 0x00007fffedf69000 	C:\WINDOWS\system32\mswsock.dll
0x00007fffd9890000 - 0x00007fffd98a4000 	C:\Program Files\Android\Android Studio\jre\bin\nio.dll
0x00007fff61230000 - 0x00007fff61257000 	C:\Users\ozuxe\.gradle\native\8bec1ad78214c89d9ad589b4d07fe93259594b29d510b10fafb7a158f7737e5d\windows-amd64\native-platform.dll
0x00007fff610f0000 - 0x00007fff6122d000 	C:\Users\ozuxe\.gradle\native\53dbd7edfb1c66fb8903c78663c9afc45aea4f116125fa6feffd364cf09443e8\windows-amd64\native-platform-file-events.dll
0x00007fffe85c0000 - 0x00007fffe85ca000 	C:\Program Files\Android\Android Studio\jre\bin\management.dll
0x00007fffd9880000 - 0x00007fffd988c000 	C:\Program Files\Android\Android Studio\jre\bin\management_ext.dll
0x00007fffee160000 - 0x00007fffee17b000 	C:\WINDOWS\SYSTEM32\CRYPTSP.dll
0x00007fffeda00000 - 0x00007fffeda35000 	C:\WINDOWS\system32\rsaenh.dll
0x00007fffee000000 - 0x00007fffee028000 	C:\WINDOWS\SYSTEM32\USERENV.dll
0x00007fffee300000 - 0x00007fffee328000 	C:\WINDOWS\SYSTEM32\bcrypt.dll
0x00007fffee180000 - 0x00007fffee18c000 	C:\WINDOWS\SYSTEM32\CRYPTBASE.dll
0x00007fffed500000 - 0x00007fffed52d000 	C:\WINDOWS\SYSTEM32\IPHLPAPI.DLL
0x00007fffeff10000 - 0x00007fffeff19000 	C:\WINDOWS\System32\NSI.dll
0x00007fffe8070000 - 0x00007fffe8089000 	C:\WINDOWS\SYSTEM32\dhcpcsvc6.DLL
0x00007fffe8030000 - 0x00007fffe804f000 	C:\WINDOWS\SYSTEM32\dhcpcsvc.DLL
0x00007fffed570000 - 0x00007fffed663000 	C:\WINDOWS\SYSTEM32\DNSAPI.dll

dbghelp: loaded successfully - version: 4.0.5 - missing functions: none
symbol engine: initialized successfully - sym options: 0x614 - pdb path: .;C:\Program Files\Android\Android Studio\jre\bin;C:\WINDOWS\SYSTEM32;C:\WINDOWS\WinSxS\amd64_microsoft.windows.common-controls_6595b64144ccf1df_6.0.22621.608_none_a9444ca7c10bb01d;C:\Program Files\Android\Android Studio\jre\bin\server;C:\Users\ozuxe\.gradle\native\8bec1ad78214c89d9ad589b4d07fe93259594b29d510b10fafb7a158f7737e5d\windows-amd64;C:\Users\ozuxe\.gradle\native\53dbd7edfb1c66fb8903c78663c9afc45aea4f116125fa6feffd364cf09443e8\windows-amd64

VM Arguments:
jvm_args: --add-opens=java.base/java.util=ALL-UNNAMED --add-opens=java.base/java.lang=ALL-UNNAMED --add-opens=java.base/java.lang.invoke=ALL-UNNAMED --add-opens=java.base/java.util=ALL-UNNAMED --add-opens=java.prefs/java.util.prefs=ALL-UNNAMED --add-opens=java.prefs/java.util.prefs=ALL-UNNAMED --add-opens=java.base/java.nio.charset=ALL-UNNAMED --add-opens=java.base/java.net=ALL-UNNAMED --add-opens=java.base/java.util.concurrent.atomic=ALL-UNNAMED -Xmx2048m -Dfile.encoding=UTF-8 -Duser.country=US -Duser.language=en -Duser.variant 
java_command: org.gradle.launcher.daemon.bootstrap.GradleDaemon 7.0.2
java_class_path (initial): C:\Users\ozuxe\.gradle\wrapper\dists\gradle-7.0.2-bin\857tjihv64xamwrf0h14cai3r\gradle-7.0.2\lib\gradle-launcher-7.0.2.jar
Launcher Type: SUN_STANDARD

[Global flags]
     intx CICompilerCount                          = 4                                         {product} {ergonomic}
     uint ConcGCThreads                            = 2                                         {product} {ergonomic}
     uint G1ConcRefinementThreads                  = 8                                         {product} {ergonomic}
   size_t G1HeapRegionSize                         = 1048576                                   {product} {ergonomic}
    uintx GCDrainStackTargetSize                   = 64                                        {product} {ergonomic}
   size_t InitialHeapSize                          = 132120576                                 {product} {ergonomic}
   size_t MarkStackSize                            = 4194304                                   {product} {ergonomic}
   size_t MaxHeapSize                              = 2147483648                                {product} {command line}
   size_t MaxNewSize                               = 1287651328                                {product} {ergonomic}
   size_t MinHeapDeltaBytes                        = 1048576                                   {product} {ergonomic}
    uintx NonNMethodCodeHeapSize                   = 5836300                                {pd product} {ergonomic}
    uintx NonProfiledCodeHeapSize                  = 122910970                              {pd product} {ergonomic}
    uintx ProfiledCodeHeapSize                     = 122910970                              {pd product} {ergonomic}
    uintx ReservedCodeCacheSize                    = 251658240                              {pd product} {ergonomic}
     bool SegmentedCodeCache                       = true                                      {product} {ergonomic}
     bool UseCompressedClassPointers               = true                                 {lp64_product} {ergonomic}
     bool UseCompressedOops                        = true                                 {lp64_product} {ergonomic}
     bool UseG1GC                                  = true                                      {product} {ergonomic}
     bool UseLargePagesIndividualAllocation        = false                                  {pd product} {ergonomic}

Logging:
Log output configuration:
 #0: stdout all=warning uptime,level,tags
 #1: stderr all=off uptime,level,tags

Environment Variables:
PATH=C:\Program Files (x86)\Common Files\Intel\Shared Files\cpp\bin\Intel64;C:\Windows\system32;C:\Windows;C:\Windows\System32\Wbem;C:\Windows\System32\WindowsPowerShell\v1.0\;C:\Windows\System32\OpenSSH\;C:\Program Files (x86)\NVIDIA Corporation\PhysX\Common;C:\Program Files\NVIDIA Corporation\NVIDIA NvDLISR;C:\WINDOWS\system32;C:\WINDOWS;C:\WINDOWS\System32\Wbem;C:\WINDOWS\System32\WindowsPowerShell\v1.0\;C:\WINDOWS\System32\OpenSSH\;C:\Program Files\Git\cmd;C:\Program Files\nodejs\;C:\xampp\php;C:\ProgramData\ComposerSetup\bin;D:\matlab\runtime\win64;D:\matlab\bin;D:\matlab\polyspace\bin;C:\Program Files\PuTTY\;C:\Users\ozuxe\AppData\Local\Microsoft\WindowsApps;C:\Users\ozuxe\AppData\Local\GitHubDesktop\bin;D:\Microsoft VS Code\bin;C:\Users\ozuxe\Downloads\flutter\bin;C:\Users\ozuxe\AppData\Roaming\npm;C:\Program Files\nodejs;D:\Tugas Kuliah\SEMESTER 4\flutter\bin;C:\Users\ozuxe\AppData\Roaming\Composer\vendor\bin;
USERNAME=ozuxe
OS=Windows_NT
PROCESSOR_IDENTIFIER=Intel64 Family 6 Model 158 Stepping 10, GenuineIntel



---------------  S Y S T E M  ---------------

OS: Windows 10 , 64 bit Build 22621 (10.0.22621.1485)
OS uptime: 0 days 0:02 hours

CPU:total 8 (initial active 8) (4 cores per cpu, 2 threads per core) family 6 model 158 stepping 10 microcode 0xde, cmov, cx8, fxsr, mmx, sse, sse2, sse3, ssse3, sse4.1, sse4.2, popcnt, avx, avx2, aes, clmul, erms, 3dnowpref, lzcnt, ht, tsc, tscinvbit, bmi1, bmi2, adx, fma

Memory: 4k page, system-wide physical 8034M (1567M free)
TotalPageFile size 8034M (AvailPageFile size 5M)
current process WorkingSet (physical memory assigned to process): 326M, peak: 326M
current process commit charge ("private bytes"): 372M, peak: 372M

vm_info: OpenJDK 64-Bit Server VM (11.0.10+0-b96-7249189) for windows-amd64 JRE (11.0.10+0-b96-7249189), built on Mar 31 2021 21:44:00 by "builder" with MS VC++ 14.0 (VS2015)

END.
