#
# There is insufficient memory for the Java Runtime Environment to continue.
# Native memory allocation (malloc) failed to allocate 2503328 bytes for Chunk::new
# Possible reasons:
#   The system is out of physical RAM or swap space
#   The process is running with CompressedOops enabled, and the Java Heap may be blocking the growth of the native heap
# Possible solutions:
#   Reduce memory load on the system
#   Increase physical memory or swap space
#   Check if swap backing store is full
#   Decrease Java heap size (-Xmx/-Xms)
#   Decrease number of Java threads
#   Decrease Java thread stack sizes (-Xss)
#   Set larger code cache with -XX:ReservedCodeCacheSize=
#   JVM is running with Unscaled Compressed Oops mode in which the Java heap is
#     placed in the first 4GB address space. The Java Heap base address is the
#     maximum limit for the native heap growth. Please use -XX:HeapBaseMinAddress
#     to set the Java Heap base and to place the Java Heap above 4GB virtual address.
# This output file may be truncated or incomplete.
#
#  Out of Memory Error (allocation.cpp:389), pid=7736, tid=0x00000000000022a8
#
# JRE version: OpenJDK Runtime Environment (8.0_312-b07) (build 1.8.0_312-b07)
# Java VM: OpenJDK 64-Bit Server VM (25.312-b07 mixed mode windows-amd64 compressed oops)
# Failed to write core dump. Minidumps are not enabled by default on client versions of Windows
#

---------------  T H R E A D  ---------------

Current thread (0x0000024a7cbfa800):  JavaThread "C2 CompilerThread1" daemon [_thread_in_native, id=8872, stack(0x000000805e400000,0x000000805e500000)]

Stack: [0x000000805e400000,0x000000805e500000]
[error occurred during error reporting (printing stack bounds), id 0xc0000005]

Native frames: (J=compiled Java code, j=interpreted, Vv=VM code, C=native code)


Current CompileTask:
C2:  12699 3725 %     4       org.objectweb.asm.ClassReader::readCode @ 1561 (5109 bytes)


---------------  P R O C E S S  ---------------

Java Threads: ( => current thread )
  0x0000024a10d86000 JavaThread "Cache worker for file content cache (C:\Users\ozuxe\.gradle\caches\7.0.2\fileContent)" [_thread_blocked, id=15460, stack(0x0000008060500000,0x0000008060600000)]
  0x0000024a10d89000 JavaThread "Cache worker for execution history cache (C:\Users\ozuxe\.gradle\caches\7.0.2\executionHistory)" [_thread_blocked, id=15664, stack(0x0000008060400000,0x0000008060500000)]
  0x0000024a10d85800 JavaThread "Cache worker for cache directory md-rule (C:\Users\ozuxe\.gradle\caches\7.0.2\md-rule)" [_thread_blocked, id=4588, stack(0x0000008060300000,0x0000008060400000)]
  0x0000024a10d84800 JavaThread "Cache worker for cache directory md-supplier (C:\Users\ozuxe\.gradle\caches\7.0.2\md-supplier)" [_thread_blocked, id=3472, stack(0x0000008060200000,0x0000008060300000)]
  0x0000024a10d83800 JavaThread "Cache worker for checksums cache (E:\Tugas Kuliah\SEMESTER 6\dFood_Nusantara\.gradle\checksums)" [_thread_blocked, id=11840, stack(0x0000008060100000,0x0000008060200000)]
  0x0000024a10d87000 JavaThread "jar transforms Thread 8" [_thread_blocked, id=3588, stack(0x0000008060000000,0x0000008060100000)]
  0x0000024a10d8a000 JavaThread "jar transforms Thread 7" [_thread_blocked, id=7392, stack(0x000000805ff00000,0x0000008060000000)]
  0x0000024a10d88800 JavaThread "jar transforms Thread 6" [_thread_blocked, id=12816, stack(0x000000805fe00000,0x000000805ff00000)]
  0x0000024a10d87800 JavaThread "jar transforms Thread 5" [_thread_blocked, id=12212, stack(0x000000805fd00000,0x000000805fe00000)]
  0x0000024a0f791800 JavaThread "jar transforms Thread 4" [_thread_blocked, id=1460, stack(0x000000805fc00000,0x000000805fd00000)]
  0x0000024a0f790800 JavaThread "jar transforms Thread 3" [_thread_blocked, id=1652, stack(0x000000805fb00000,0x000000805fc00000)]
  0x0000024a0f78e800 JavaThread "jar transforms Thread 2" [_thread_in_native, id=15988, stack(0x000000805fa00000,0x000000805fb00000)]
  0x0000024a0f78f000 JavaThread "jar transforms" [_thread_blocked, id=15956, stack(0x000000805f900000,0x000000805fa00000)]
  0x0000024a0f78c800 JavaThread "File watcher consumer" daemon [_thread_blocked, id=2508, stack(0x000000805f800000,0x000000805f900000)]
  0x0000024a0f78c000 JavaThread "File watcher server" daemon [_thread_in_native, id=3092, stack(0x000000805f700000,0x000000805f800000)]
  0x0000024a0f78b000 JavaThread "Cache worker for file hash cache (E:\Tugas Kuliah\SEMESTER 6\dFood_Nusantara\.gradle\7.0.2\fileHashes)" [_thread_blocked, id=3780, stack(0x000000805f600000,0x000000805f700000)]
  0x0000024a0f78d800 JavaThread "Cache worker for journal cache (C:\Users\ozuxe\.gradle\caches\journal-1)" [_thread_blocked, id=9140, stack(0x000000805f500000,0x000000805f600000)]
  0x0000024a0f78a800 JavaThread "File lock request listener" [_thread_in_native, id=14692, stack(0x000000805f400000,0x000000805f500000)]
  0x0000024a0f790000 JavaThread "Cache worker for file hash cache (C:\Users\ozuxe\.gradle\caches\7.0.2\fileHashes)" [_thread_blocked, id=15068, stack(0x000000805f300000,0x000000805f400000)]
  0x0000024a0f01e000 JavaThread "Daemon client event forwarder" [_thread_blocked, id=6688, stack(0x000000805f200000,0x000000805f300000)]
  0x0000024a0f01d000 JavaThread "Stdin handler" [_thread_blocked, id=7112, stack(0x000000805f100000,0x000000805f200000)]
  0x0000024a0f01c000 JavaThread "Asynchronous log dispatcher for DefaultDaemonConnection: socket connection from /127.0.0.1:57132 to /127.0.0.1:57133" [_thread_blocked, id=2444, stack(0x000000805f000000,0x000000805f100000)]
  0x0000024a7f52e000 JavaThread "Daemon worker" [_thread_blocked, id=7928, stack(0x000000805ef00000,0x000000805f000000)]
  0x0000024a0f024800 JavaThread "Cancel handler" [_thread_blocked, id=12444, stack(0x000000805ee00000,0x000000805ef00000)]
  0x0000024a0f00f800 JavaThread "Handler for socket connection from /127.0.0.1:57132 to /127.0.0.1:57133" [_thread_in_native, id=4500, stack(0x000000805ed00000,0x000000805ee00000)]
  0x0000024a7ec59800 JavaThread "Daemon" [_thread_blocked, id=1548, stack(0x000000805ec00000,0x000000805ed00000)]
  0x0000024a0f090800 JavaThread "Daemon periodic checks" [_thread_blocked, id=12460, stack(0x000000805eb00000,0x000000805ec00000)]
  0x0000024a7e5df000 JavaThread "Incoming local TCP Connector on port 57132" [_thread_in_native, id=4696, stack(0x000000805ea00000,0x000000805eb00000)]
  0x0000024a0f07d000 JavaThread "Daemon health stats" [_thread_blocked, id=3844, stack(0x000000805e900000,0x000000805ea00000)]
  0x0000024a7dfa8800 JavaThread "Service Thread" daemon [_thread_blocked, id=10316, stack(0x000000805e700000,0x000000805e800000)]
  0x0000024a7cbfc000 JavaThread "C1 CompilerThread3" daemon [_thread_blocked, id=9480, stack(0x000000805e600000,0x000000805e700000)]
  0x0000024a7cbfb800 JavaThread "C2 CompilerThread2" daemon [_thread_in_native, id=2972, stack(0x000000805e500000,0x000000805e600000)]
=>0x0000024a7cbfa800 JavaThread "C2 CompilerThread1" daemon [_thread_in_native, id=8872, stack(0x000000805e400000,0x000000805e500000)]
  0x0000024a7cbfe800 JavaThread "C2 CompilerThread0" daemon [_thread_blocked, id=15488, stack(0x000000805e300000,0x000000805e400000)]
  0x0000024a7cbed800 JavaThread "Attach Listener" daemon [_thread_blocked, id=7684, stack(0x000000805e200000,0x000000805e300000)]
  0x0000024a7cbe8000 JavaThread "Signal Dispatcher" daemon [_thread_blocked, id=7120, stack(0x000000805e100000,0x000000805e200000)]
  0x0000024a7cbbb000 JavaThread "Finalizer" daemon [_thread_blocked, id=7124, stack(0x000000805e000000,0x000000805e100000)]
  0x0000024a7bfb6000 JavaThread "Reference Handler" daemon [_thread_blocked, id=11012, stack(0x000000805df00000,0x000000805e000000)]
  0x0000024a74d86000 JavaThread "main" [_thread_blocked, id=5464, stack(0x000000805d500000,0x000000805d600000)]

Other Threads:
  0x0000024a7cb91800 VMThread [stack: 0x000000805de00000,0x000000805df00000] [id=5176]
  0x0000024a7cc6e000 WatcherThread [stack: 0x000000805e800000,0x000000805e900000] [id=12464]

VM state:not at safepoint (normal execution)

VM Mutex/Monitor currently owned by a thread: None

heap address: 0x0000000080000000, size: 2048 MB, Compressed Oops mode: 32-bit
Narrow klass base: 0x0000000000000000, Narrow klass shift: 3
Compressed class space size: 1073741824 Address: 0x0000000100000000

Heap:
 PSYoungGen      total 342016K, used 70092K [0x00000000d5580000, 0x00000000eb180000, 0x0000000100000000)
  eden space 327680K, 19% used [0x00000000d5580000,0x00000000d94cfa08,0x00000000e9580000)
  from space 14336K, 36% used [0x00000000e9580000,0x00000000e9aa3968,0x00000000ea380000)
  to   space 13312K, 0% used [0x00000000ea480000,0x00000000ea480000,0x00000000eb180000)
 ParOldGen       total 88576K, used 15642K [0x0000000080000000, 0x0000000085680000, 0x00000000d5580000)
  object space 88576K, 17% used [0x0000000080000000,0x0000000080f46970,0x0000000085680000)
 Metaspace       used 34791K, capacity 36364K, committed 36568K, reserved 1081344K
  class space    used 4940K, capacity 5303K, committed 5376K, reserved 1048576K

Card table byte_map: [0x0000024a76c00000,0x0000024a77010000] byte_map_base: 0x0000024a76800000

Marking Bits: (ParMarkBitMap*) 0x0000000050e01860
 Begin Bits: [0x0000024a772c0000, 0x0000024a792c0000)
 End Bits:   [0x0000024a792c0000, 0x0000024a7b2c0000)

Polling page: 0x0000024a74f90000

CodeCache: size=245760Kb used=14667Kb max_used=14809Kb free=231092Kb
 bounds [0x0000024a00000000, 0x0000024a00f40000, 0x0000024a0f000000]
 total_blobs=4036 nmethods=3330 adapters=617
 compilation: enabled

Compilation events (10 events):
Event: 12.413 Thread 0x0000024a7cbfc000 3749       3       java.lang.StringBuilder::append (8 bytes)
Event: 12.413 Thread 0x0000024a7cbfc000 nmethod 3749 0x0000024a0019bc10 code [0x0000024a0019bd80, 0x0000024a0019bf10]
Event: 12.432 Thread 0x0000024a7cbfb800 nmethod 3730 0x0000024a00418310 code [0x0000024a004185a0, 0x0000024a00419fa0]
Event: 12.639 Thread 0x0000024a7cbfe800 3750       4       org.apache.tools.zip.ZipOutputStream::setEncoding (33 bytes)
Event: 12.644 Thread 0x0000024a7cbfb800 3751       4       org.objectweb.asm.ClassVisitor::visitNestMember (35 bytes)
Event: 12.645 Thread 0x0000024a7cbfe800 nmethod 3750 0x0000024a00408890 code [0x0000024a00408a20, 0x0000024a00408d70]
Event: 12.655 Thread 0x0000024a7cbfb800 nmethod 3751 0x0000024a00779310 code [0x0000024a007794e0, 0x0000024a00779c20]
Event: 12.660 Thread 0x0000024a7cbfe800 3752       4       org.apache.tools.zip.ZipOutputStream::putNextEntry (249 bytes)
Event: 12.679 Thread 0x0000024a7cbfe800 nmethod 3752 0x0000024a001bb310 code [0x0000024a001bb4e0, 0x0000024a001bbef0]
Event: 12.680 Thread 0x0000024a7cbfb800 3753       4       org.objectweb.asm.ClassReader::readField (667 bytes)

GC Heap History (10 events):
Event: 10.838 GC heap before
{Heap before GC invocations=17 (full 2):
 PSYoungGen      total 340992K, used 330574K [0x00000000d5580000, 0x00000000eb180000, 0x0000000100000000)
  eden space 327680K, 100% used [0x00000000d5580000,0x00000000e9580000,0x00000000e9580000)
  from space 13312K, 21% used [0x00000000ea480000,0x00000000ea753848,0x00000000eb180000)
  to   space 14336K, 0% used [0x00000000e9580000,0x00000000e9580000,0x00000000ea380000)
 ParOldGen       total 88576K, used 15642K [0x0000000080000000, 0x0000000085680000, 0x00000000d5580000)
  object space 88576K, 17% used [0x0000000080000000,0x0000000080f46970,0x0000000085680000)
 Metaspace       used 34753K, capacity 36300K, committed 36568K, reserved 1081344K
  class space    used 4933K, capacity 5303K, committed 5376K, reserved 1048576K
Event: 10.842 GC heap after
Heap after GC invocations=17 (full 2):
 PSYoungGen      total 342016K, used 3104K [0x00000000d5580000, 0x00000000eb180000, 0x0000000100000000)
  eden space 327680K, 0% used [0x00000000d5580000,0x00000000d5580000,0x00000000e9580000)
  from space 14336K, 21% used [0x00000000e9580000,0x00000000e9888010,0x00000000ea380000)
  to   space 13312K, 0% used [0x00000000ea480000,0x00000000ea480000,0x00000000eb180000)
 ParOldGen       total 88576K, used 15642K [0x0000000080000000, 0x0000000085680000, 0x00000000d5580000)
  object space 88576K, 17% used [0x0000000080000000,0x0000000080f46970,0x0000000085680000)
 Metaspace       used 34753K, capacity 36300K, committed 36568K, reserved 1081344K
  class space    used 4933K, capacity 5303K, committed 5376K, reserved 1048576K
}
Event: 11.152 GC heap before
{Heap before GC invocations=18 (full 2):
 PSYoungGen      total 342016K, used 330784K [0x00000000d5580000, 0x00000000eb180000, 0x0000000100000000)
  eden space 327680K, 100% used [0x00000000d5580000,0x00000000e9580000,0x00000000e9580000)
  from space 14336K, 21% used [0x00000000e9580000,0x00000000e9888010,0x00000000ea380000)
  to   space 13312K, 0% used [0x00000000ea480000,0x00000000ea480000,0x00000000eb180000)
 ParOldGen       total 88576K, used 15642K [0x0000000080000000, 0x0000000085680000, 0x00000000d5580000)
  object space 88576K, 17% used [0x0000000080000000,0x0000000080f46970,0x0000000085680000)
 Metaspace       used 34753K, capacity 36300K, committed 36568K, reserved 1081344K
  class space    used 4933K, capacity 5303K, committed 5376K, reserved 1048576K
Event: 11.156 GC heap after
Heap after GC invocations=18 (full 2):
 PSYoungGen      total 340992K, used 3584K [0x00000000d5580000, 0x00000000eb180000, 0x0000000100000000)
  eden space 327680K, 0% used [0x00000000d5580000,0x00000000d5580000,0x00000000e9580000)
  from space 13312K, 26% used [0x00000000ea480000,0x00000000ea800010,0x00000000eb180000)
  to   space 14336K, 0% used [0x00000000e9580000,0x00000000e9580000,0x00000000ea380000)
 ParOldGen       total 88576K, used 15642K [0x0000000080000000, 0x0000000085680000, 0x00000000d5580000)
  object space 88576K, 17% used [0x0000000080000000,0x0000000080f46970,0x0000000085680000)
 Metaspace       used 34753K, capacity 36300K, committed 36568K, reserved 1081344K
  class space    used 4933K, capacity 5303K, committed 5376K, reserved 1048576K
}
Event: 11.480 GC heap before
{Heap before GC invocations=19 (full 2):
 PSYoungGen      total 340992K, used 331264K [0x00000000d5580000, 0x00000000eb180000, 0x0000000100000000)
  eden space 327680K, 100% used [0x00000000d5580000,0x00000000e9580000,0x00000000e9580000)
  from space 13312K, 26% used [0x00000000ea480000,0x00000000ea800010,0x00000000eb180000)
  to   space 14336K, 0% used [0x00000000e9580000,0x00000000e9580000,0x00000000ea380000)
 ParOldGen       total 88576K, used 15642K [0x0000000080000000, 0x0000000085680000, 0x00000000d5580000)
  object space 88576K, 17% used [0x0000000080000000,0x0000000080f46970,0x0000000085680000)
 Metaspace       used 34754K, capacity 36300K, committed 36568K, reserved 1081344K
  class space    used 4933K, capacity 5303K, committed 5376K, reserved 1048576K
Event: 11.491 GC heap after
Heap after GC invocations=19 (full 2):
 PSYoungGen      total 342016K, used 4217K [0x00000000d5580000, 0x00000000eb180000, 0x0000000100000000)
  eden space 327680K, 0% used [0x00000000d5580000,0x00000000d5580000,0x00000000e9580000)
  from space 14336K, 29% used [0x00000000e9580000,0x00000000e999e538,0x00000000ea380000)
  to   space 13312K, 0% used [0x00000000ea480000,0x00000000ea480000,0x00000000eb180000)
 ParOldGen       total 88576K, used 15642K [0x0000000080000000, 0x0000000085680000, 0x00000000d5580000)
  object space 88576K, 17% used [0x0000000080000000,0x0000000080f46970,0x0000000085680000)
 Metaspace       used 34754K, capacity 36300K, committed 36568K, reserved 1081344K
  class space    used 4933K, capacity 5303K, committed 5376K, reserved 1048576K
}
Event: 12.041 GC heap before
{Heap before GC invocations=20 (full 2):
 PSYoungGen      total 342016K, used 331897K [0x00000000d5580000, 0x00000000eb180000, 0x0000000100000000)
  eden space 327680K, 100% used [0x00000000d5580000,0x00000000e9580000,0x00000000e9580000)
  from space 14336K, 29% used [0x00000000e9580000,0x00000000e999e538,0x00000000ea380000)
  to   space 13312K, 0% used [0x00000000ea480000,0x00000000ea480000,0x00000000eb180000)
 ParOldGen       total 88576K, used 15642K [0x0000000080000000, 0x0000000085680000, 0x00000000d5580000)
  object space 88576K, 17% used [0x0000000080000000,0x0000000080f46970,0x0000000085680000)
 Metaspace       used 34754K, capacity 36300K, committed 36568K, reserved 1081344K
  class space    used 4933K, capacity 5303K, committed 5376K, reserved 1048576K
Event: 12.048 GC heap after
Heap after GC invocations=20 (full 2):
 PSYoungGen      total 340992K, used 4686K [0x00000000d5580000, 0x00000000eb180000, 0x0000000100000000)
  eden space 327680K, 0% used [0x00000000d5580000,0x00000000d5580000,0x00000000e9580000)
  from space 13312K, 35% used [0x00000000ea480000,0x00000000ea913ab0,0x00000000eb180000)
  to   space 14336K, 0% used [0x00000000e9580000,0x00000000e9580000,0x00000000ea380000)
 ParOldGen       total 88576K, used 15642K [0x0000000080000000, 0x0000000085680000, 0x00000000d5580000)
  object space 88576K, 17% used [0x0000000080000000,0x0000000080f46970,0x0000000085680000)
 Metaspace       used 34754K, capacity 36300K, committed 36568K, reserved 1081344K
  class space    used 4933K, capacity 5303K, committed 5376K, reserved 1048576K
}
Event: 12.630 GC heap before
{Heap before GC invocations=21 (full 2):
 PSYoungGen      total 340992K, used 332366K [0x00000000d5580000, 0x00000000eb180000, 0x0000000100000000)
  eden space 327680K, 100% used [0x00000000d5580000,0x00000000e9580000,0x00000000e9580000)
  from space 13312K, 35% used [0x00000000ea480000,0x00000000ea913ab0,0x00000000eb180000)
  to   space 14336K, 0% used [0x00000000e9580000,0x00000000e9580000,0x00000000ea380000)
 ParOldGen       total 88576K, used 15642K [0x0000000080000000, 0x0000000085680000, 0x00000000d5580000)
  object space 88576K, 17% used [0x0000000080000000,0x0000000080f46970,0x0000000085680000)
 Metaspace       used 34791K, capacity 36364K, committed 36568K, reserved 1081344K
  class space    used 4940K, capacity 5303K, committed 5376K, reserved 1048576K
Event: 12.638 GC heap after
Heap after GC invocations=21 (full 2):
 PSYoungGen      total 342016K, used 5262K [0x00000000d5580000, 0x00000000eb180000, 0x0000000100000000)
  eden space 327680K, 0% used [0x00000000d5580000,0x00000000d5580000,0x00000000e9580000)
  from space 14336K, 36% used [0x00000000e9580000,0x00000000e9aa3968,0x00000000ea380000)
  to   space 13312K, 0% used [0x00000000ea480000,0x00000000ea480000,0x00000000eb180000)
 ParOldGen       total 88576K, used 15642K [0x0000000080000000, 0x0000000085680000, 0x00000000d5580000)
  object space 88576K, 17% used [0x0000000080000000,0x0000000080f46970,0x0000000085680000)
 Metaspace       used 34791K, capacity 36364K, committed 36568K, reserved 1081344K
  class space    used 4940K, capacity 5303K, committed 5376K, reserved 1048576K
}

Deoptimization events (10 events):
Event: 11.560 Thread 0x0000024a0f78e800 Uncommon trap: reason=unstable_if action=reinterpret pc=0x0000024a00e68c88 method=org.objectweb.asm.ClassReader.getTypeAnnotationBytecodeOffset([II)I @ 19
Event: 11.565 Thread 0x0000024a0f78e800 Uncommon trap: reason=unstable_if action=reinterpret pc=0x0000024a00debee0 method=org.objectweb.asm.ClassReader.readField(Lorg/objectweb/asm/ClassVisitor;Lorg/objectweb/asm/Context;I)I @ 198
Event: 11.566 Thread 0x0000024a0f78e800 Uncommon trap: reason=unstable_if action=reinterpret pc=0x0000024a00dbee68 method=org.objectweb.asm.MethodWriter.endCurrentBasicBlockWithNoSuccessor()V @ 73
Event: 11.566 Thread 0x0000024a0f78e800 Uncommon trap: reason=unstable_if action=reinterpret pc=0x0000024a00d80954 method=org.objectweb.asm.ClassReader.readMethod(Lorg/objectweb/asm/ClassVisitor;Lorg/objectweb/asm/Context;I)I @ 333
Event: 11.567 Thread 0x0000024a0f78e800 Uncommon trap: reason=unstable_if action=reinterpret pc=0x0000024a00da3664 method=org.objectweb.asm.Attribute.computeAttributesSize(Lorg/objectweb/asm/SymbolTable;II)I @ 16
Event: 11.567 Thread 0x0000024a0f78e800 Uncommon trap: reason=unstable_if action=reinterpret pc=0x0000024a00d02658 method=org.objectweb.asm.Attribute.computeAttributesSize(Lorg/objectweb/asm/SymbolTable;II)I @ 16
Event: 11.567 Thread 0x0000024a0f78e800 Uncommon trap: reason=unstable_if action=reinterpret pc=0x0000024a00d51100 method=org.objectweb.asm.Attribute.computeAttributesSize(Lorg/objectweb/asm/SymbolTable;II)I @ 16
Event: 11.567 Thread 0x0000024a0f78e800 Uncommon trap: reason=unstable_if action=reinterpret pc=0x0000024a00d0e750 method=org.objectweb.asm.Attribute.putAttributes(Lorg/objectweb/asm/SymbolTable;IILorg/objectweb/asm/ByteVector;)V @ 14
Event: 11.567 Thread 0x0000024a0f78e800 Uncommon trap: reason=unstable_if action=reinterpret pc=0x0000024a00d56b18 method=org.objectweb.asm.MethodWriter.putMethodInfo(Lorg/objectweb/asm/ByteVector;)V @ 126
Event: 12.411 Thread 0x0000024a0f090800 Uncommon trap: reason=unstable_if action=reinterpret pc=0x0000024a00390b10 method=java.lang.AbstractStringBuilder.append(Ljava/lang/String;)Ljava/lang/AbstractStringBuilder; @ 1

Classes redefined (0 events):
No events

Internal exceptions (10 events):
Event: 5.440 Thread 0x0000024a7f52e000 Exception <a 'java/lang/ClassNotFoundException': sync_studio_tooling9_4gz3eo88y8n6q98h01t65zg0kBeanInfo> (0x00000000d6343af8) thrown at [C:\wsjdk\Corretto8Src\installers\windows\zip\corretto-build\buildRoot\src\hotspot\src\share\vm\classfile\systemDiction
Event: 5.441 Thread 0x0000024a7f52e000 Exception <a 'java/lang/ClassNotFoundException': sync_studio_tooling9_4gz3eo88y8n6q98h01t65zg0kCustomizer> (0x00000000d6355c18) thrown at [C:\wsjdk\Corretto8Src\installers\windows\zip\corretto-build\buildRoot\src\hotspot\src\share\vm\classfile\systemDicti
Event: 5.462 Thread 0x0000024a7f52e000 Exception <a 'java/lang/ClassNotFoundException': ijinit3_56h6caysi7m3mjcbv0yieqz0hBeanInfo> (0x00000000d6a6ca88) thrown at [C:\wsjdk\Corretto8Src\installers\windows\zip\corretto-build\buildRoot\src\hotspot\src\share\vm\classfile\systemDictionary.cpp, line
Event: 5.463 Thread 0x0000024a7f52e000 Exception <a 'java/lang/ClassNotFoundException': ijinit3_56h6caysi7m3mjcbv0yieqz0hCustomizer> (0x00000000d6a7c6b8) thrown at [C:\wsjdk\Corretto8Src\installers\windows\zip\corretto-build\buildRoot\src\hotspot\src\share\vm\classfile\systemDictionary.cpp, li
Event: 5.469 Thread 0x0000024a7f52e000 Exception <a 'java/lang/ClassNotFoundException': ijinit3_56h6caysi7m3mjcbv0yieqz0h$_run_closure1BeanInfo> (0x00000000d6ae7338) thrown at [C:\wsjdk\Corretto8Src\installers\windows\zip\corretto-build\buildRoot\src\hotspot\src\share\vm\classfile\systemDictio
Event: 5.469 Thread 0x0000024a7f52e000 Exception <a 'java/lang/ClassNotFoundException': ijinit3_56h6caysi7m3mjcbv0yieqz0h$_run_closure1Customizer> (0x00000000d6aec528) thrown at [C:\wsjdk\Corretto8Src\installers\windows\zip\corretto-build\buildRoot\src\hotspot\src\share\vm\classfile\systemDict
Event: 8.415 Thread 0x0000024a0f78e800 Exception <a 'sun/nio/fs/WindowsException'> (0x00000000d980c628) thrown at [C:\wsjdk\Corretto8Src\installers\windows\zip\corretto-build\buildRoot\src\hotspot\src\share\vm\prims\jni.cpp, line 711]
Event: 8.561 Thread 0x0000024a0f78e800 Implicit null exception at 0x0000024a00b14397 to 0x0000024a00b14e3d
Event: 10.618 Thread 0x0000024a0f78e800 Implicit null exception at 0x0000024a00d9953f to 0x0000024a00d995dd
Event: 12.411 Thread 0x0000024a0f090800 Implicit null exception at 0x0000024a00390756 to 0x0000024a00390af9

Events (10 events):
Event: 12.639 Executing VM operation: RevokeBias
Event: 12.639 Executing VM operation: RevokeBias done
Event: 12.648 Thread 0x0000024a0f78e800 DEOPT PACKING pc=0x0000024a00637e7c sp=0x000000805fafe390
Event: 12.648 Thread 0x0000024a0f78e800 DEOPT UNPACKING pc=0x0000024a000475d8 sp=0x000000805fafe288 mode 0
Event: 12.658 Thread 0x0000024a0f78e800 DEOPT PACKING pc=0x0000024a0063780a sp=0x000000805fafe390
Event: 12.658 Thread 0x0000024a0f78e800 DEOPT UNPACKING pc=0x0000024a000475d8 sp=0x000000805fafe288 mode 0
Event: 12.665 Thread 0x0000024a0f78e800 DEOPT PACKING pc=0x0000024a00637e7c sp=0x000000805fafe390
Event: 12.665 Thread 0x0000024a0f78e800 DEOPT UNPACKING pc=0x0000024a000475d8 sp=0x000000805fafe288 mode 0
Event: 12.681 Thread 0x0000024a0f78e800 DEOPT PACKING pc=0x0000024a00637e7c sp=0x000000805fafe390
Event: 12.681 Thread 0x0000024a0f78e800 DEOPT UNPACKING pc=0x0000024a000475d8 sp=0x000000805fafe288 mode 0


Dynamic libraries:
0x00007ff6ffda0000 - 0x00007ff6ffdda000 	C:\Users\ozuxe\.jdks\corretto-1.8.0_312\bin\java.exe
0x00007ffcf7030000 - 0x00007ffcf7244000 	C:\WINDOWS\SYSTEM32\ntdll.dll
0x00007ffcf53c0000 - 0x00007ffcf5482000 	C:\WINDOWS\System32\KERNEL32.DLL
0x00007ffcf4730000 - 0x00007ffcf4acc000 	C:\WINDOWS\System32\KERNELBASE.dll
0x00007ffcf6f40000 - 0x00007ffcf6fee000 	C:\WINDOWS\System32\ADVAPI32.dll
0x00007ffcf52d0000 - 0x00007ffcf5377000 	C:\WINDOWS\System32\msvcrt.dll
0x00007ffcf68e0000 - 0x00007ffcf6984000 	C:\WINDOWS\System32\sechost.dll
0x00007ffcf6e20000 - 0x00007ffcf6f37000 	C:\WINDOWS\System32\RPCRT4.dll
0x00007ffcf5d90000 - 0x00007ffcf5f3b000 	C:\WINDOWS\System32\USER32.dll
0x00007ffcf4590000 - 0x00007ffcf45b6000 	C:\WINDOWS\System32\win32u.dll
0x00007ffcf54f0000 - 0x00007ffcf5519000 	C:\WINDOWS\System32\GDI32.dll
0x00007ffcf4ad0000 - 0x00007ffcf4be3000 	C:\WINDOWS\System32\gdi32full.dll
0x00007ffcf4da0000 - 0x00007ffcf4e3a000 	C:\WINDOWS\System32\msvcp_win.dll
0x00007ffcf4470000 - 0x00007ffcf4581000 	C:\WINDOWS\System32\ucrtbase.dll
0x00007ffcd6220000 - 0x00007ffcd64ae000 	C:\WINDOWS\WinSxS\amd64_microsoft.windows.common-controls_6595b64144ccf1df_6.0.22621.608_none_a9444ca7c10bb01d\COMCTL32.dll
0x00007ffcf5380000 - 0x00007ffcf53b1000 	C:\WINDOWS\System32\IMM32.DLL
0x00007ffce2130000 - 0x00007ffce221f000 	C:\Users\ozuxe\.jdks\corretto-1.8.0_312\jre\bin\msvcr120.dll
0x00007ffce2080000 - 0x00007ffce2126000 	C:\Users\ozuxe\.jdks\corretto-1.8.0_312\jre\bin\msvcp120.dll
0x0000000050610000 - 0x0000000050e80000 	C:\Users\ozuxe\.jdks\corretto-1.8.0_312\jre\bin\server\jvm.dll
0x00007ffcf51a0000 - 0x00007ffcf51a8000 	C:\WINDOWS\System32\PSAPI.DLL
0x00007ffcee000000 - 0x00007ffcee034000 	C:\WINDOWS\SYSTEM32\WINMM.dll
0x00007ffcee040000 - 0x00007ffcee04a000 	C:\WINDOWS\SYSTEM32\VERSION.dll
0x00007ffcdb410000 - 0x00007ffcdb419000 	C:\WINDOWS\SYSTEM32\WSOCK32.dll
0x00007ffcf64c0000 - 0x00007ffcf6531000 	C:\WINDOWS\System32\WS2_32.dll
0x00007ffce2070000 - 0x00007ffce207f000 	C:\Users\ozuxe\.jdks\corretto-1.8.0_312\jre\bin\verify.dll
0x00007ffce2040000 - 0x00007ffce2069000 	C:\Users\ozuxe\.jdks\corretto-1.8.0_312\jre\bin\java.dll
0x00007ffce2020000 - 0x00007ffce2036000 	C:\Users\ozuxe\.jdks\corretto-1.8.0_312\jre\bin\zip.dll
0x00007ffcf5580000 - 0x00007ffcf5d70000 	C:\WINDOWS\System32\SHELL32.dll
0x00007ffcf2480000 - 0x00007ffcf2d4d000 	C:\WINDOWS\SYSTEM32\windows.storage.dll
0x00007ffcf6a90000 - 0x00007ffcf6e19000 	C:\WINDOWS\System32\combase.dll
0x00007ffcf2340000 - 0x00007ffcf247e000 	C:\WINDOWS\SYSTEM32\wintypes.dll
0x00007ffcf6620000 - 0x00007ffcf6711000 	C:\WINDOWS\System32\SHCORE.dll
0x00007ffcf5520000 - 0x00007ffcf557e000 	C:\WINDOWS\System32\shlwapi.dll
0x00007ffcf43a0000 - 0x00007ffcf43c1000 	C:\WINDOWS\SYSTEM32\profapi.dll
0x00007ffce2000000 - 0x00007ffce201a000 	C:\Users\ozuxe\.jdks\corretto-1.8.0_312\jre\bin\net.dll
0x00007ffcf3a20000 - 0x00007ffcf3a89000 	C:\WINDOWS\system32\mswsock.dll
0x00007ffce1fe0000 - 0x00007ffce1ff2000 	C:\Users\ozuxe\.jdks\corretto-1.8.0_312\jre\bin\nio.dll
0x00007ffcef190000 - 0x00007ffcef1b7000 	C:\Users\ozuxe\.gradle\native\8bec1ad78214c89d9ad589b4d07fe93259594b29d510b10fafb7a158f7737e5d\windows-amd64\native-platform.dll
0x00007ffcd4ff0000 - 0x00007ffcd512d000 	C:\Users\ozuxe\.gradle\native\53dbd7edfb1c66fb8903c78663c9afc45aea4f116125fa6feffd364cf09443e8\windows-amd64\native-platform-file-events.dll
0x00007ffce1fd0000 - 0x00007ffce1fdd000 	C:\Users\ozuxe\.jdks\corretto-1.8.0_312\jre\bin\management.dll
0x00007ffcf3c80000 - 0x00007ffcf3c9b000 	C:\WINDOWS\SYSTEM32\CRYPTSP.dll
0x00007ffcf3520000 - 0x00007ffcf3555000 	C:\WINDOWS\system32\rsaenh.dll
0x00007ffcf3b20000 - 0x00007ffcf3b48000 	C:\WINDOWS\SYSTEM32\USERENV.dll
0x00007ffcf3e20000 - 0x00007ffcf3e48000 	C:\WINDOWS\SYSTEM32\bcrypt.dll
0x00007ffcf4d20000 - 0x00007ffcf4d9b000 	C:\WINDOWS\System32\bcryptprimitives.dll
0x00007ffcf3ca0000 - 0x00007ffcf3cac000 	C:\WINDOWS\SYSTEM32\CRYPTBASE.dll
0x00007ffcf3020000 - 0x00007ffcf304d000 	C:\WINDOWS\SYSTEM32\IPHLPAPI.DLL
0x00007ffcf5fd0000 - 0x00007ffcf5fd9000 	C:\WINDOWS\System32\NSI.dll
0x00007ffcedf30000 - 0x00007ffcedf49000 	C:\WINDOWS\SYSTEM32\dhcpcsvc6.DLL
0x00007ffcedbd0000 - 0x00007ffcedbef000 	C:\WINDOWS\SYSTEM32\dhcpcsvc.DLL
0x00007ffcf3090000 - 0x00007ffcf3183000 	C:\WINDOWS\SYSTEM32\DNSAPI.dll

VM Arguments:
jvm_args: -Xmx2048m -Dfile.encoding=UTF-8 -Duser.country=US -Duser.language=en -Duser.variant 
java_command: org.gradle.launcher.daemon.bootstrap.GradleDaemon 7.0.2
java_class_path (initial): C:\Users\ozuxe\.gradle\wrapper\dists\gradle-7.0.2-bin\857tjihv64xamwrf0h14cai3r\gradle-7.0.2\lib\gradle-launcher-7.0.2.jar
Launcher Type: SUN_STANDARD

Environment Variables:
PATH=C:\Program Files (x86)\Common Files\Intel\Shared Files\cpp\bin\Intel64;C:\Windows\system32;C:\Windows;C:\Windows\System32\Wbem;C:\Windows\System32\WindowsPowerShell\v1.0\;C:\Windows\System32\OpenSSH\;C:\Program Files (x86)\NVIDIA Corporation\PhysX\Common;C:\Program Files\NVIDIA Corporation\NVIDIA NvDLISR;C:\WINDOWS\system32;C:\WINDOWS;C:\WINDOWS\System32\Wbem;C:\WINDOWS\System32\WindowsPowerShell\v1.0\;C:\WINDOWS\System32\OpenSSH\;C:\Program Files\Git\cmd;C:\Program Files\nodejs\;C:\xampp\php;C:\ProgramData\ComposerSetup\bin;D:\matlab\runtime\win64;D:\matlab\bin;D:\matlab\polyspace\bin;C:\Program Files\PuTTY\;C:\Users\ozuxe\AppData\Local\Microsoft\WindowsApps;D:\Microsoft VS Code\bin;C:\Users\ozuxe\Downloads\flutter\bin;C:\Users\ozuxe\AppData\Roaming\npm;C:\Program Files\nodejs;D:\Tugas Kuliah\SEMESTER 4\flutter\bin;C:\Users\ozuxe\AppData\Roaming\Composer\vendor\bin
USERNAME=ozuxe
OS=Windows_NT
PROCESSOR_IDENTIFIER=Intel64 Family 6 Model 158 Stepping 10, GenuineIntel



---------------  S Y S T E M  ---------------

OS: Windows 10.0 , 64 bit Build 22621 (10.0.22621.1485)

CPU:total 8 (initial active 8) (4 cores per cpu, 2 threads per core) family 6 model 158 stepping 10, cmov, cx8, fxsr, mmx, sse, sse2, sse3, ssse3, sse4.1, sse4.2, popcnt, avx, avx2, aes, clmul, erms, 3dnowpref, lzcnt, ht, tsc, tscinvbit, bmi1, bmi2, adx

Memory: 4k page, physical 8227444k(1271724k free), swap 8227444k(5652k free)

vm_info: OpenJDK 64-Bit Server VM (25.312-b07) for windows-amd64 JRE (1.8.0_312-b07), built on Oct 14 2021 21:08:49 by "Administrator" with MS VC++ 12.0 (VS2013)

time: Wed Apr 26 10:43:48 2023
timezone: SE Asia Standard Time
elapsed time: 12.710211 seconds (0d 0h 0m 12s)

